[0.494s] Invoking command in '/home/matija-pongracic/PAS/PAS_DZ_02/src/path_planning': PYTHONPATH=/home/matija-pongracic/PAS/PAS_DZ_02/build/path_planning/prefix_override:/usr/lib/python3/dist-packages/colcon_core/task/python/colcon_distutils_commands:/home/matija-pongracic/PAS/PAS_DZ_02/install/path_planning/lib/python3.10/site-packages:${PYTHONPATH} /usr/bin/python3 -W ignore:setup.py install is deprecated -W ignore:easy_install command is deprecated setup.py egg_info --egg-base ../../build/path_planning build --build-base /home/matija-pongracic/PAS/PAS_DZ_02/build/path_planning/build install --record /home/matija-pongracic/PAS/PAS_DZ_02/build/path_planning/install.log --single-version-externally-managed install_data
[0.645s] running egg_info
[0.646s] writing ../../build/path_planning/path_planning.egg-info/PKG-INFO
[0.647s] writing dependency_links to ../../build/path_planning/path_planning.egg-info/dependency_links.txt
[0.647s] writing entry points to ../../build/path_planning/path_planning.egg-info/entry_points.txt
[0.647s] writing requirements to ../../build/path_planning/path_planning.egg-info/requires.txt
[0.648s] writing top-level names to ../../build/path_planning/path_planning.egg-info/top_level.txt
[0.648s] reading manifest file '../../build/path_planning/path_planning.egg-info/SOURCES.txt'
[0.649s] writing manifest file '../../build/path_planning/path_planning.egg-info/SOURCES.txt'
[0.649s] running build
[0.649s] running install
[0.649s] running install_data
[0.649s] creating /home/matija-pongracic/PAS/PAS_DZ_02/install/path_planning/share/ament_index
[0.649s] creating /home/matija-pongracic/PAS/PAS_DZ_02/install/path_planning/share/ament_index/resource_index
[0.649s] creating /home/matija-pongracic/PAS/PAS_DZ_02/install/path_planning/share/ament_index/resource_index/packages
[0.649s] copying resource/path_planning -> /home/matija-pongracic/PAS/PAS_DZ_02/install/path_planning/share/ament_index/resource_index/packages
[0.649s] copying package.xml -> /home/matija-pongracic/PAS/PAS_DZ_02/install/path_planning/share/path_planning
[0.649s] creating /home/matija-pongracic/PAS/PAS_DZ_02/install/path_planning/share/path_planning/launch
[0.650s] copying launch/d_star_lite.launch.py -> /home/matija-pongracic/PAS/PAS_DZ_02/install/path_planning/share/path_planning/launch
[0.650s] creating /home/matija-pongracic/PAS/PAS_DZ_02/install/path_planning/share/path_planning/rviz
[0.650s] copying rviz/config.rviz -> /home/matija-pongracic/PAS/PAS_DZ_02/install/path_planning/share/path_planning/rviz
[0.650s] creating /home/matija-pongracic/PAS/PAS_DZ_02/install/path_planning/share/path_planning/config
[0.650s] copying config/moja_karta.yaml -> /home/matija-pongracic/PAS/PAS_DZ_02/install/path_planning/share/path_planning/config
[0.650s] copying config/moja_karta.pgm -> /home/matija-pongracic/PAS/PAS_DZ_02/install/path_planning/share/path_planning/config
[0.650s] running install_egg_info
[0.651s] Copying ../../build/path_planning/path_planning.egg-info to /home/matija-pongracic/PAS/PAS_DZ_02/install/path_planning/lib/python3.10/site-packages/path_planning-0.0.0-py3.10.egg-info
[0.652s] running install_scripts
[0.665s] Installing d_star_lite_node script to /home/matija-pongracic/PAS/PAS_DZ_02/install/path_planning/lib/path_planning
[0.665s] writing list of installed files to '/home/matija-pongracic/PAS/PAS_DZ_02/build/path_planning/install.log'
[0.680s] Invoked command in '/home/matija-pongracic/PAS/PAS_DZ_02/src/path_planning' returned '0': PYTHONPATH=/home/matija-pongracic/PAS/PAS_DZ_02/build/path_planning/prefix_override:/usr/lib/python3/dist-packages/colcon_core/task/python/colcon_distutils_commands:/home/matija-pongracic/PAS/PAS_DZ_02/install/path_planning/lib/python3.10/site-packages:${PYTHONPATH} /usr/bin/python3 -W ignore:setup.py install is deprecated -W ignore:easy_install command is deprecated setup.py egg_info --egg-base ../../build/path_planning build --build-base /home/matija-pongracic/PAS/PAS_DZ_02/build/path_planning/build install --record /home/matija-pongracic/PAS/PAS_DZ_02/build/path_planning/install.log --single-version-externally-managed install_data
