[0.073s] DEBUG:colcon:Command line arguments: ['/usr/bin/colcon', 'build']
[0.073s] DEBUG:colcon:Parsed command line arguments: Namespace(log_base=None, log_level=None, verb_name='build', build_base='build', install_base='install', merge_install=False, symlink_install=False, test_result_base=None, continue_on_error=False, executor='parallel', parallel_workers=12, event_handlers=None, ignore_user_meta=False, metas=['./colcon.meta'], base_paths=['.'], packages_ignore=None, packages_ignore_regex=None, paths=None, packages_up_to=None, packages_up_to_regex=None, packages_above=None, packages_above_and_dependencies=None, packages_above_depth=None, packages_select_by_dep=None, packages_skip_by_dep=None, packages_skip_up_to=None, packages_select_build_failed=False, packages_skip_build_finished=False, packages_select_test_failures=False, packages_skip_test_passed=False, packages_select=None, packages_skip=None, packages_select_regex=None, packages_skip_regex=None, packages_start=None, packages_end=None, allow_overriding=[], cmake_args=None, cmake_target=None, cmake_target_skip_unavailable=False, cmake_clean_cache=False, cmake_clean_first=False, cmake_force_configure=False, ament_cmake_args=None, catkin_cmake_args=None, catkin_skip_building_tests=False, mixin_files=None, mixin=None, verb_parser=<colcon_mixin.mixin.mixin_argument.MixinArgumentDecorator object at 0x71b395462620>, verb_extension=<colcon_core.verb.build.BuildVerb object at 0x71b395462170>, main=<bound method BuildVerb.main of <colcon_core.verb.build.BuildVerb object at 0x71b395462170>>, mixin_verb=('build',))
[0.170s] Level 1:colcon.colcon_core.package_discovery:discover_packages(colcon_meta) check parameters
[0.170s] Level 1:colcon.colcon_core.package_discovery:discover_packages(recursive) check parameters
[0.170s] Level 1:colcon.colcon_core.package_discovery:discover_packages(ignore) check parameters
[0.170s] Level 1:colcon.colcon_core.package_discovery:discover_packages(path) check parameters
[0.170s] Level 1:colcon.colcon_core.package_discovery:discover_packages(colcon_meta) discover
[0.170s] Level 1:colcon.colcon_core.package_discovery:discover_packages(recursive) discover
[0.170s] INFO:colcon.colcon_core.package_discovery:Crawling recursively for packages in '/home/matija-pongracic/PAS/PAS_DZ_02'
[0.170s] Level 1:colcon.colcon_core.package_identification:_identify(.) by extensions ['ignore', 'ignore_ament_install']
[0.170s] Level 1:colcon.colcon_core.package_identification:_identify(.) by extension 'ignore'
[0.171s] Level 1:colcon.colcon_core.package_identification:_identify(.) by extension 'ignore_ament_install'
[0.171s] Level 1:colcon.colcon_core.package_identification:_identify(.) by extensions ['colcon_pkg']
[0.171s] Level 1:colcon.colcon_core.package_identification:_identify(.) by extension 'colcon_pkg'
[0.171s] Level 1:colcon.colcon_core.package_identification:_identify(.) by extensions ['colcon_meta']
[0.171s] Level 1:colcon.colcon_core.package_identification:_identify(.) by extension 'colcon_meta'
[0.171s] Level 1:colcon.colcon_core.package_identification:_identify(.) by extensions ['ros']
[0.171s] Level 1:colcon.colcon_core.package_identification:_identify(.) by extension 'ros'
[0.177s] Level 1:colcon.colcon_core.package_identification:_identify(.) by extensions ['cmake', 'python']
[0.177s] Level 1:colcon.colcon_core.package_identification:_identify(.) by extension 'cmake'
[0.178s] Level 1:colcon.colcon_core.package_identification:_identify(.) by extension 'python'
[0.178s] Level 1:colcon.colcon_core.package_identification:_identify(.) by extensions ['python_setup_py']
[0.178s] Level 1:colcon.colcon_core.package_identification:_identify(.) by extension 'python_setup_py'
[0.178s] Level 1:colcon.colcon_core.package_identification:_identify(build) by extensions ['ignore', 'ignore_ament_install']
[0.178s] Level 1:colcon.colcon_core.package_identification:_identify(build) by extension 'ignore'
[0.178s] Level 1:colcon.colcon_core.package_identification:_identify(build) ignored
[0.178s] Level 1:colcon.colcon_core.package_identification:_identify(install) by extensions ['ignore', 'ignore_ament_install']
[0.178s] Level 1:colcon.colcon_core.package_identification:_identify(install) by extension 'ignore'
[0.178s] Level 1:colcon.colcon_core.package_identification:_identify(install) ignored
[0.178s] Level 1:colcon.colcon_core.package_identification:_identify(log) by extensions ['ignore', 'ignore_ament_install']
[0.178s] Level 1:colcon.colcon_core.package_identification:_identify(log) by extension 'ignore'
[0.178s] Level 1:colcon.colcon_core.package_identification:_identify(log) ignored
[0.178s] Level 1:colcon.colcon_core.package_identification:_identify(src) by extensions ['ignore', 'ignore_ament_install']
[0.178s] Level 1:colcon.colcon_core.package_identification:_identify(src) by extension 'ignore'
[0.178s] Level 1:colcon.colcon_core.package_identification:_identify(src) by extension 'ignore_ament_install'
[0.178s] Level 1:colcon.colcon_core.package_identification:_identify(src) by extensions ['colcon_pkg']
[0.178s] Level 1:colcon.colcon_core.package_identification:_identify(src) by extension 'colcon_pkg'
[0.178s] Level 1:colcon.colcon_core.package_identification:_identify(src) by extensions ['colcon_meta']
[0.178s] Level 1:colcon.colcon_core.package_identification:_identify(src) by extension 'colcon_meta'
[0.178s] Level 1:colcon.colcon_core.package_identification:_identify(src) by extensions ['ros']
[0.178s] Level 1:colcon.colcon_core.package_identification:_identify(src) by extension 'ros'
[0.178s] Level 1:colcon.colcon_core.package_identification:_identify(src) by extensions ['cmake', 'python']
[0.178s] Level 1:colcon.colcon_core.package_identification:_identify(src) by extension 'cmake'
[0.178s] Level 1:colcon.colcon_core.package_identification:_identify(src) by extension 'python'
[0.178s] Level 1:colcon.colcon_core.package_identification:_identify(src) by extensions ['python_setup_py']
[0.178s] Level 1:colcon.colcon_core.package_identification:_identify(src) by extension 'python_setup_py'
[0.178s] Level 1:colcon.colcon_core.package_identification:_identify(src/Stage) by extensions ['ignore', 'ignore_ament_install']
[0.178s] Level 1:colcon.colcon_core.package_identification:_identify(src/Stage) by extension 'ignore'
[0.178s] Level 1:colcon.colcon_core.package_identification:_identify(src/Stage) by extension 'ignore_ament_install'
[0.178s] Level 1:colcon.colcon_core.package_identification:_identify(src/Stage) by extensions ['colcon_pkg']
[0.179s] Level 1:colcon.colcon_core.package_identification:_identify(src/Stage) by extension 'colcon_pkg'
[0.179s] Level 1:colcon.colcon_core.package_identification:_identify(src/Stage) by extensions ['colcon_meta']
[0.179s] Level 1:colcon.colcon_core.package_identification:_identify(src/Stage) by extension 'colcon_meta'
[0.179s] Level 1:colcon.colcon_core.package_identification:_identify(src/Stage) by extensions ['ros']
[0.179s] Level 1:colcon.colcon_core.package_identification:_identify(src/Stage) by extension 'ros'
[0.180s] DEBUG:colcon.colcon_core.package_identification:Package 'src/Stage' with type 'ros.catkin' and name 'stage'
[0.180s] Level 1:colcon.colcon_core.package_identification:_identify(src/path_planning) by extensions ['ignore', 'ignore_ament_install']
[0.180s] Level 1:colcon.colcon_core.package_identification:_identify(src/path_planning) by extension 'ignore'
[0.180s] Level 1:colcon.colcon_core.package_identification:_identify(src/path_planning) by extension 'ignore_ament_install'
[0.180s] Level 1:colcon.colcon_core.package_identification:_identify(src/path_planning) by extensions ['colcon_pkg']
[0.180s] Level 1:colcon.colcon_core.package_identification:_identify(src/path_planning) by extension 'colcon_pkg'
[0.181s] Level 1:colcon.colcon_core.package_identification:_identify(src/path_planning) by extensions ['colcon_meta']
[0.181s] Level 1:colcon.colcon_core.package_identification:_identify(src/path_planning) by extension 'colcon_meta'
[0.181s] Level 1:colcon.colcon_core.package_identification:_identify(src/path_planning) by extensions ['ros']
[0.181s] Level 1:colcon.colcon_core.package_identification:_identify(src/path_planning) by extension 'ros'
[0.181s] DEBUG:colcon.colcon_core.package_identification:Package 'src/path_planning' with type 'ros.ament_python' and name 'path_planning'
[0.181s] Level 1:colcon.colcon_core.package_identification:_identify(src/stage_ros2) by extensions ['ignore', 'ignore_ament_install']
[0.181s] Level 1:colcon.colcon_core.package_identification:_identify(src/stage_ros2) by extension 'ignore'
[0.181s] Level 1:colcon.colcon_core.package_identification:_identify(src/stage_ros2) by extension 'ignore_ament_install'
[0.181s] Level 1:colcon.colcon_core.package_identification:_identify(src/stage_ros2) by extensions ['colcon_pkg']
[0.181s] Level 1:colcon.colcon_core.package_identification:_identify(src/stage_ros2) by extension 'colcon_pkg'
[0.181s] Level 1:colcon.colcon_core.package_identification:_identify(src/stage_ros2) by extensions ['colcon_meta']
[0.181s] Level 1:colcon.colcon_core.package_identification:_identify(src/stage_ros2) by extension 'colcon_meta'
[0.181s] Level 1:colcon.colcon_core.package_identification:_identify(src/stage_ros2) by extensions ['ros']
[0.181s] Level 1:colcon.colcon_core.package_identification:_identify(src/stage_ros2) by extension 'ros'
[0.182s] DEBUG:colcon.colcon_core.package_identification:Package 'src/stage_ros2' with type 'ros.ament_cmake' and name 'stage_ros2'
[0.182s] Level 1:colcon.colcon_core.package_discovery:discover_packages(recursive) using defaults
[0.182s] Level 1:colcon.colcon_core.package_discovery:discover_packages(ignore) discover
[0.182s] Level 1:colcon.colcon_core.package_discovery:discover_packages(ignore) using defaults
[0.182s] Level 1:colcon.colcon_core.package_discovery:discover_packages(path) discover
[0.182s] Level 1:colcon.colcon_core.package_discovery:discover_packages(path) using defaults
[0.201s] Level 1:colcon.colcon_core.package_discovery:discover_packages(prefix_path) check parameters
[0.201s] Level 1:colcon.colcon_core.package_discovery:discover_packages(prefix_path) discover
[0.203s] DEBUG:colcon.colcon_installed_package_information.package_discovery:Found 401 installed packages in /opt/ros/humble
[0.204s] Level 1:colcon.colcon_core.package_discovery:discover_packages(prefix_path) using defaults
[0.232s] Level 5:colcon.colcon_core.verb:set package 'path_planning' build argument 'cmake_args' from command line to 'None'
[0.232s] Level 5:colcon.colcon_core.verb:set package 'path_planning' build argument 'cmake_target' from command line to 'None'
[0.232s] Level 5:colcon.colcon_core.verb:set package 'path_planning' build argument 'cmake_target_skip_unavailable' from command line to 'False'
[0.232s] Level 5:colcon.colcon_core.verb:set package 'path_planning' build argument 'cmake_clean_cache' from command line to 'False'
[0.232s] Level 5:colcon.colcon_core.verb:set package 'path_planning' build argument 'cmake_clean_first' from command line to 'False'
[0.232s] Level 5:colcon.colcon_core.verb:set package 'path_planning' build argument 'cmake_force_configure' from command line to 'False'
[0.232s] Level 5:colcon.colcon_core.verb:set package 'path_planning' build argument 'ament_cmake_args' from command line to 'None'
[0.232s] Level 5:colcon.colcon_core.verb:set package 'path_planning' build argument 'catkin_cmake_args' from command line to 'None'
[0.232s] Level 5:colcon.colcon_core.verb:set package 'path_planning' build argument 'catkin_skip_building_tests' from command line to 'False'
[0.232s] DEBUG:colcon.colcon_core.verb:Building package 'path_planning' with the following arguments: {'ament_cmake_args': None, 'build_base': '/home/matija-pongracic/PAS/PAS_DZ_02/build/path_planning', 'catkin_cmake_args': None, 'catkin_skip_building_tests': False, 'cmake_args': None, 'cmake_clean_cache': False, 'cmake_clean_first': False, 'cmake_force_configure': False, 'cmake_target': None, 'cmake_target_skip_unavailable': False, 'install_base': '/home/matija-pongracic/PAS/PAS_DZ_02/install/path_planning', 'merge_install': False, 'path': '/home/matija-pongracic/PAS/PAS_DZ_02/src/path_planning', 'symlink_install': False, 'test_result_base': None}
[0.232s] Level 5:colcon.colcon_core.verb:set package 'stage' build argument 'cmake_args' from command line to 'None'
[0.232s] Level 5:colcon.colcon_core.verb:set package 'stage' build argument 'cmake_target' from command line to 'None'
[0.232s] Level 5:colcon.colcon_core.verb:set package 'stage' build argument 'cmake_target_skip_unavailable' from command line to 'False'
[0.232s] Level 5:colcon.colcon_core.verb:set package 'stage' build argument 'cmake_clean_cache' from command line to 'False'
[0.232s] Level 5:colcon.colcon_core.verb:set package 'stage' build argument 'cmake_clean_first' from command line to 'False'
[0.232s] Level 5:colcon.colcon_core.verb:set package 'stage' build argument 'cmake_force_configure' from command line to 'False'
[0.232s] Level 5:colcon.colcon_core.verb:set package 'stage' build argument 'ament_cmake_args' from command line to 'None'
[0.232s] Level 5:colcon.colcon_core.verb:set package 'stage' build argument 'catkin_cmake_args' from command line to 'None'
[0.232s] Level 5:colcon.colcon_core.verb:set package 'stage' build argument 'catkin_skip_building_tests' from command line to 'False'
[0.232s] DEBUG:colcon.colcon_core.verb:Building package 'stage' with the following arguments: {'ament_cmake_args': None, 'build_base': '/home/matija-pongracic/PAS/PAS_DZ_02/build/stage', 'catkin_cmake_args': None, 'catkin_skip_building_tests': False, 'cmake_args': None, 'cmake_clean_cache': False, 'cmake_clean_first': False, 'cmake_force_configure': False, 'cmake_target': None, 'cmake_target_skip_unavailable': False, 'install_base': '/home/matija-pongracic/PAS/PAS_DZ_02/install/stage', 'merge_install': False, 'path': '/home/matija-pongracic/PAS/PAS_DZ_02/src/Stage', 'symlink_install': False, 'test_result_base': None}
[0.233s] Level 5:colcon.colcon_core.verb:set package 'stage_ros2' build argument 'cmake_args' from command line to 'None'
[0.233s] Level 5:colcon.colcon_core.verb:set package 'stage_ros2' build argument 'cmake_target' from command line to 'None'
[0.233s] Level 5:colcon.colcon_core.verb:set package 'stage_ros2' build argument 'cmake_target_skip_unavailable' from command line to 'False'
[0.233s] Level 5:colcon.colcon_core.verb:set package 'stage_ros2' build argument 'cmake_clean_cache' from command line to 'False'
[0.233s] Level 5:colcon.colcon_core.verb:set package 'stage_ros2' build argument 'cmake_clean_first' from command line to 'False'
[0.233s] Level 5:colcon.colcon_core.verb:set package 'stage_ros2' build argument 'cmake_force_configure' from command line to 'False'
[0.233s] Level 5:colcon.colcon_core.verb:set package 'stage_ros2' build argument 'ament_cmake_args' from command line to 'None'
[0.233s] Level 5:colcon.colcon_core.verb:set package 'stage_ros2' build argument 'catkin_cmake_args' from command line to 'None'
[0.233s] Level 5:colcon.colcon_core.verb:set package 'stage_ros2' build argument 'catkin_skip_building_tests' from command line to 'False'
[0.233s] DEBUG:colcon.colcon_core.verb:Building package 'stage_ros2' with the following arguments: {'ament_cmake_args': None, 'build_base': '/home/matija-pongracic/PAS/PAS_DZ_02/build/stage_ros2', 'catkin_cmake_args': None, 'catkin_skip_building_tests': False, 'cmake_args': None, 'cmake_clean_cache': False, 'cmake_clean_first': False, 'cmake_force_configure': False, 'cmake_target': None, 'cmake_target_skip_unavailable': False, 'install_base': '/home/matija-pongracic/PAS/PAS_DZ_02/install/stage_ros2', 'merge_install': False, 'path': '/home/matija-pongracic/PAS/PAS_DZ_02/src/stage_ros2', 'symlink_install': False, 'test_result_base': None}
[0.233s] INFO:colcon.colcon_core.executor:Executing jobs using 'parallel' executor
[0.234s] DEBUG:colcon.colcon_parallel_executor.executor.parallel:run_until_complete
[0.234s] INFO:colcon.colcon_ros.task.catkin.build:Building ROS package in '/home/matija-pongracic/PAS/PAS_DZ_02/src/Stage' with build type 'catkin'
[0.234s] INFO:colcon.colcon_cmake.task.cmake.build:Building CMake package in '/home/matija-pongracic/PAS/PAS_DZ_02/src/Stage'
[0.235s] INFO:colcon.colcon_core.plugin_system:Skipping extension 'colcon_core.shell.bat': Not used on non-Windows systems
[0.235s] INFO:colcon.colcon_core.shell:Skip shell extension 'powershell' for command environment: Not usable outside of PowerShell
[0.235s] DEBUG:colcon.colcon_core.shell:Skip shell extension 'dsv' for command environment
[0.237s] INFO:colcon.colcon_ros.task.ament_python.build:Building ROS package in '/home/matija-pongracic/PAS/PAS_DZ_02/src/path_planning' with build type 'ament_python'
[0.237s] Level 1:colcon.colcon_core.shell:create_environment_hook('path_planning', 'ament_prefix_path')
[0.238s] INFO:colcon.colcon_core.shell:Creating environment hook '/home/matija-pongracic/PAS/PAS_DZ_02/install/path_planning/share/path_planning/hook/ament_prefix_path.ps1'
[0.238s] INFO:colcon.colcon_core.shell:Creating environment descriptor '/home/matija-pongracic/PAS/PAS_DZ_02/install/path_planning/share/path_planning/hook/ament_prefix_path.dsv'
[0.238s] INFO:colcon.colcon_core.shell:Creating environment hook '/home/matija-pongracic/PAS/PAS_DZ_02/install/path_planning/share/path_planning/hook/ament_prefix_path.sh'
[0.239s] INFO:colcon.colcon_core.shell:Skip shell extension 'powershell' for command environment: Not usable outside of PowerShell
[0.239s] DEBUG:colcon.colcon_core.shell:Skip shell extension 'dsv' for command environment
[0.244s] DEBUG:colcon.colcon_core.event_handler.log_command:Invoking command in '/home/matija-pongracic/PAS/PAS_DZ_02/build/stage': /usr/bin/cmake /home/matija-pongracic/PAS/PAS_DZ_02/src/Stage -DCATKIN_INSTALL_INTO_PREFIX_ROOT=0 -DCMAKE_INSTALL_PREFIX=/home/matija-pongracic/PAS/PAS_DZ_02/install/stage
[0.405s] INFO:colcon.colcon_core.task.python.build:Building Python package in '/home/matija-pongracic/PAS/PAS_DZ_02/src/path_planning'
[0.405s] INFO:colcon.colcon_core.shell:Skip shell extension 'powershell' for command environment: Not usable outside of PowerShell
[0.405s] DEBUG:colcon.colcon_core.shell:Skip shell extension 'dsv' for command environment
[0.629s] DEBUG:colcon.colcon_core.event_handler.log_command:Invoking command in '/home/matija-pongracic/PAS/PAS_DZ_02/src/path_planning': PYTHONPATH=/home/matija-pongracic/PAS/PAS_DZ_02/build/path_planning/prefix_override:/usr/lib/python3/dist-packages/colcon_core/task/python/colcon_distutils_commands:/home/matija-pongracic/PAS/PAS_DZ_02/install/path_planning/lib/python3.10/site-packages:${PYTHONPATH} /usr/bin/python3 -W ignore:setup.py install is deprecated -W ignore:easy_install command is deprecated setup.py egg_info --egg-base ../../build/path_planning build --build-base /home/matija-pongracic/PAS/PAS_DZ_02/build/path_planning/build install --record /home/matija-pongracic/PAS/PAS_DZ_02/build/path_planning/install.log --single-version-externally-managed install_data
[0.820s] DEBUG:colcon.colcon_core.event_handler.log_command:Invoked command in '/home/matija-pongracic/PAS/PAS_DZ_02/src/path_planning' returned '0': PYTHONPATH=/home/matija-pongracic/PAS/PAS_DZ_02/build/path_planning/prefix_override:/usr/lib/python3/dist-packages/colcon_core/task/python/colcon_distutils_commands:/home/matija-pongracic/PAS/PAS_DZ_02/install/path_planning/lib/python3.10/site-packages:${PYTHONPATH} /usr/bin/python3 -W ignore:setup.py install is deprecated -W ignore:easy_install command is deprecated setup.py egg_info --egg-base ../../build/path_planning build --build-base /home/matija-pongracic/PAS/PAS_DZ_02/build/path_planning/build install --record /home/matija-pongracic/PAS/PAS_DZ_02/build/path_planning/install.log --single-version-externally-managed install_data
[0.823s] Level 1:colcon.colcon_core.environment:checking '/home/matija-pongracic/PAS/PAS_DZ_02/install/path_planning' for CMake module files
[0.824s] Level 1:colcon.colcon_core.environment:checking '/home/matija-pongracic/PAS/PAS_DZ_02/install/path_planning' for CMake config files
[0.825s] Level 1:colcon.colcon_core.environment:checking '/home/matija-pongracic/PAS/PAS_DZ_02/install/path_planning/lib'
[0.825s] Level 1:colcon.colcon_core.environment:checking '/home/matija-pongracic/PAS/PAS_DZ_02/install/path_planning/bin'
[0.825s] Level 1:colcon.colcon_core.environment:checking '/home/matija-pongracic/PAS/PAS_DZ_02/install/path_planning/lib/pkgconfig/path_planning.pc'
[0.826s] Level 1:colcon.colcon_core.environment:checking '/home/matija-pongracic/PAS/PAS_DZ_02/install/path_planning/lib/python3.10/site-packages'
[0.826s] Level 1:colcon.colcon_core.shell:create_environment_hook('path_planning', 'pythonpath')
[0.826s] INFO:colcon.colcon_core.shell:Creating environment hook '/home/matija-pongracic/PAS/PAS_DZ_02/install/path_planning/share/path_planning/hook/pythonpath.ps1'
[0.827s] INFO:colcon.colcon_core.shell:Creating environment descriptor '/home/matija-pongracic/PAS/PAS_DZ_02/install/path_planning/share/path_planning/hook/pythonpath.dsv'
[0.827s] INFO:colcon.colcon_core.shell:Creating environment hook '/home/matija-pongracic/PAS/PAS_DZ_02/install/path_planning/share/path_planning/hook/pythonpath.sh'
[0.828s] Level 1:colcon.colcon_core.environment:checking '/home/matija-pongracic/PAS/PAS_DZ_02/install/path_planning/bin'
[0.828s] Level 1:colcon.colcon_core.environment:create_environment_scripts_only(path_planning)
[0.828s] INFO:colcon.colcon_core.shell:Creating package script '/home/matija-pongracic/PAS/PAS_DZ_02/install/path_planning/share/path_planning/package.ps1'
[0.829s] INFO:colcon.colcon_core.shell:Creating package descriptor '/home/matija-pongracic/PAS/PAS_DZ_02/install/path_planning/share/path_planning/package.dsv'
[0.830s] INFO:colcon.colcon_core.shell:Creating package script '/home/matija-pongracic/PAS/PAS_DZ_02/install/path_planning/share/path_planning/package.sh'
[0.831s] INFO:colcon.colcon_core.shell:Creating package script '/home/matija-pongracic/PAS/PAS_DZ_02/install/path_planning/share/path_planning/package.bash'
[0.832s] INFO:colcon.colcon_core.shell:Creating package script '/home/matija-pongracic/PAS/PAS_DZ_02/install/path_planning/share/path_planning/package.zsh'
[0.833s] Level 1:colcon.colcon_core.environment:create_file_with_runtime_dependencies(/home/matija-pongracic/PAS/PAS_DZ_02/install/path_planning/share/colcon-core/packages/path_planning)
[1.253s] DEBUG:colcon.colcon_core.event_handler.log_command:Invoked command in '/home/matija-pongracic/PAS/PAS_DZ_02/build/stage' returned '0': /usr/bin/cmake /home/matija-pongracic/PAS/PAS_DZ_02/src/Stage -DCATKIN_INSTALL_INTO_PREFIX_ROOT=0 -DCMAKE_INSTALL_PREFIX=/home/matija-pongracic/PAS/PAS_DZ_02/install/stage
[1.254s] DEBUG:colcon.colcon_core.event_handler.log_command:Invoking command in '/home/matija-pongracic/PAS/PAS_DZ_02/build/stage': /usr/bin/cmake --build /home/matija-pongracic/PAS/PAS_DZ_02/build/stage -- -j12 -l12
[8.514s] DEBUG:colcon.colcon_core.event_handler.log_command:Invoked command in '/home/matija-pongracic/PAS/PAS_DZ_02/build/stage' returned '0': /usr/bin/cmake --build /home/matija-pongracic/PAS/PAS_DZ_02/build/stage -- -j12 -l12
[8.528s] DEBUG:colcon.colcon_core.event_handler.log_command:Invoking command in '/home/matija-pongracic/PAS/PAS_DZ_02/build/stage': /usr/bin/cmake --install /home/matija-pongracic/PAS/PAS_DZ_02/build/stage
[8.554s] DEBUG:colcon.colcon_core.event_handler.log_command:Invoked command in '/home/matija-pongracic/PAS/PAS_DZ_02/build/stage' returned '0': /usr/bin/cmake --install /home/matija-pongracic/PAS/PAS_DZ_02/build/stage
[8.554s] Level 1:colcon.colcon_core.shell:create_environment_hook('stage', 'ros_package_path')
[8.555s] INFO:colcon.colcon_core.shell:Creating environment hook '/home/matija-pongracic/PAS/PAS_DZ_02/install/stage/share/stage/hook/ros_package_path.ps1'
[8.555s] INFO:colcon.colcon_core.shell:Creating environment descriptor '/home/matija-pongracic/PAS/PAS_DZ_02/install/stage/share/stage/hook/ros_package_path.dsv'
[8.555s] INFO:colcon.colcon_core.shell:Creating environment hook '/home/matija-pongracic/PAS/PAS_DZ_02/install/stage/share/stage/hook/ros_package_path.sh'
[8.556s] Level 1:colcon.colcon_core.shell:create_environment_hook('stage', 'pkg_config_path')
[8.556s] INFO:colcon.colcon_core.shell:Creating environment hook '/home/matija-pongracic/PAS/PAS_DZ_02/install/stage/share/stage/hook/pkg_config_path.ps1'
[8.556s] INFO:colcon.colcon_core.shell:Creating environment descriptor '/home/matija-pongracic/PAS/PAS_DZ_02/install/stage/share/stage/hook/pkg_config_path.dsv'
[8.557s] INFO:colcon.colcon_core.shell:Creating environment hook '/home/matija-pongracic/PAS/PAS_DZ_02/install/stage/share/stage/hook/pkg_config_path.sh'
[8.559s] Level 1:colcon.colcon_core.shell:create_environment_hook('stage', 'pkg_config_path_multiarch')
[8.559s] INFO:colcon.colcon_core.shell:Creating environment hook '/home/matija-pongracic/PAS/PAS_DZ_02/install/stage/share/stage/hook/pkg_config_path_multiarch.ps1'
[8.560s] INFO:colcon.colcon_core.shell:Creating environment descriptor '/home/matija-pongracic/PAS/PAS_DZ_02/install/stage/share/stage/hook/pkg_config_path_multiarch.dsv'
[8.560s] INFO:colcon.colcon_core.shell:Creating environment hook '/home/matija-pongracic/PAS/PAS_DZ_02/install/stage/share/stage/hook/pkg_config_path_multiarch.sh'
[8.562s] Level 1:colcon.colcon_core.environment:create_environment_scripts_only(stage)
[8.562s] Level 1:colcon.colcon_core.environment:checking '/home/matija-pongracic/PAS/PAS_DZ_02/install/stage' for CMake module files
[8.563s] Level 1:colcon.colcon_core.environment:checking '/home/matija-pongracic/PAS/PAS_DZ_02/install/stage' for CMake config files
[8.563s] Level 1:colcon.colcon_core.shell:create_environment_hook('stage', 'cmake_prefix_path')
[8.564s] INFO:colcon.colcon_core.shell:Creating environment hook '/home/matija-pongracic/PAS/PAS_DZ_02/install/stage/share/stage/hook/cmake_prefix_path.ps1'
[8.564s] INFO:colcon.colcon_core.shell:Creating environment descriptor '/home/matija-pongracic/PAS/PAS_DZ_02/install/stage/share/stage/hook/cmake_prefix_path.dsv'
[8.564s] INFO:colcon.colcon_core.shell:Creating environment hook '/home/matija-pongracic/PAS/PAS_DZ_02/install/stage/share/stage/hook/cmake_prefix_path.sh'
[8.565s] Level 1:colcon.colcon_core.environment:checking '/home/matija-pongracic/PAS/PAS_DZ_02/install/stage/lib'
[8.565s] Level 1:colcon.colcon_core.shell:create_environment_hook('stage', 'ld_library_path_lib')
[8.565s] INFO:colcon.colcon_core.shell:Creating environment hook '/home/matija-pongracic/PAS/PAS_DZ_02/install/stage/share/stage/hook/ld_library_path_lib.ps1'
[8.566s] INFO:colcon.colcon_core.shell:Creating environment descriptor '/home/matija-pongracic/PAS/PAS_DZ_02/install/stage/share/stage/hook/ld_library_path_lib.dsv'
[8.566s] INFO:colcon.colcon_core.shell:Creating environment hook '/home/matija-pongracic/PAS/PAS_DZ_02/install/stage/share/stage/hook/ld_library_path_lib.sh'
[8.566s] Level 1:colcon.colcon_core.environment:checking '/home/matija-pongracic/PAS/PAS_DZ_02/install/stage/bin'
[8.566s] Level 1:colcon.colcon_core.shell:create_environment_hook('stage', 'path')
[8.567s] INFO:colcon.colcon_core.shell:Creating environment hook '/home/matija-pongracic/PAS/PAS_DZ_02/install/stage/share/stage/hook/path.ps1'
[8.567s] INFO:colcon.colcon_core.shell:Creating environment descriptor '/home/matija-pongracic/PAS/PAS_DZ_02/install/stage/share/stage/hook/path.dsv'
[8.567s] INFO:colcon.colcon_core.shell:Creating environment hook '/home/matija-pongracic/PAS/PAS_DZ_02/install/stage/share/stage/hook/path.sh'
[8.568s] Level 1:colcon.colcon_core.environment:checking '/home/matija-pongracic/PAS/PAS_DZ_02/install/stage/lib/pkgconfig/stage.pc'
[8.568s] Level 1:colcon.colcon_core.shell:create_environment_hook('stage', 'pkg_config')
[8.568s] INFO:colcon.colcon_core.shell:Creating environment hook '/home/matija-pongracic/PAS/PAS_DZ_02/install/stage/share/stage/hook/pkg_config.ps1'
[8.568s] INFO:colcon.colcon_core.shell:Creating environment descriptor '/home/matija-pongracic/PAS/PAS_DZ_02/install/stage/share/stage/hook/pkg_config.dsv'
[8.568s] INFO:colcon.colcon_core.shell:Creating environment hook '/home/matija-pongracic/PAS/PAS_DZ_02/install/stage/share/stage/hook/pkg_config.sh'
[8.569s] Level 1:colcon.colcon_core.environment:checking '/home/matija-pongracic/PAS/PAS_DZ_02/install/stage/lib/python3.10/site-packages'
[8.569s] Level 1:colcon.colcon_core.environment:checking '/home/matija-pongracic/PAS/PAS_DZ_02/install/stage/bin'
[8.569s] Level 1:colcon.colcon_core.shell:create_environment_hook('stage', 'pythonscriptspath')
[8.570s] INFO:colcon.colcon_core.shell:Creating environment hook '/home/matija-pongracic/PAS/PAS_DZ_02/install/stage/share/stage/hook/pythonscriptspath.ps1'
[8.570s] INFO:colcon.colcon_core.shell:Creating environment descriptor '/home/matija-pongracic/PAS/PAS_DZ_02/install/stage/share/stage/hook/pythonscriptspath.dsv'
[8.570s] INFO:colcon.colcon_core.shell:Creating environment hook '/home/matija-pongracic/PAS/PAS_DZ_02/install/stage/share/stage/hook/pythonscriptspath.sh'
[8.571s] INFO:colcon.colcon_core.shell:Creating package script '/home/matija-pongracic/PAS/PAS_DZ_02/install/stage/share/stage/package.ps1'
[8.571s] INFO:colcon.colcon_core.shell:Creating package descriptor '/home/matija-pongracic/PAS/PAS_DZ_02/install/stage/share/stage/package.dsv'
[8.572s] INFO:colcon.colcon_core.shell:Creating package script '/home/matija-pongracic/PAS/PAS_DZ_02/install/stage/share/stage/package.sh'
[8.572s] INFO:colcon.colcon_core.shell:Creating package script '/home/matija-pongracic/PAS/PAS_DZ_02/install/stage/share/stage/package.bash'
[8.572s] INFO:colcon.colcon_core.shell:Creating package script '/home/matija-pongracic/PAS/PAS_DZ_02/install/stage/share/stage/package.zsh'
[8.573s] Level 1:colcon.colcon_core.environment:create_file_with_runtime_dependencies(/home/matija-pongracic/PAS/PAS_DZ_02/install/stage/share/colcon-core/packages/stage)
[8.573s] INFO:colcon.colcon_ros.task.ament_cmake.build:Building ROS package in '/home/matija-pongracic/PAS/PAS_DZ_02/src/stage_ros2' with build type 'ament_cmake'
[8.573s] INFO:colcon.colcon_cmake.task.cmake.build:Building CMake package in '/home/matija-pongracic/PAS/PAS_DZ_02/src/stage_ros2'
[8.573s] INFO:colcon.colcon_core.shell:Skip shell extension 'powershell' for command environment: Not usable outside of PowerShell
[8.573s] DEBUG:colcon.colcon_core.shell:Skip shell extension 'dsv' for command environment
[8.581s] DEBUG:colcon.colcon_core.event_handler.log_command:Invoking command in '/home/matija-pongracic/PAS/PAS_DZ_02/build/stage_ros2': CMAKE_PREFIX_PATH=/opt/ros/humble:/home/matija-pongracic/PAS/PAS_DZ_02/install/stage LD_LIBRARY_PATH=/home/matija-pongracic/PAS/PAS_DZ_02/install/stage/lib:${LD_LIBRARY_PATH} PATH=/home/matija-pongracic/PAS/PAS_DZ_02/install/stage/bin:${PATH} PKG_CONFIG_PATH=/home/matija-pongracic/PAS/PAS_DZ_02/install/stage/lib/x86_64-linux-gnu/pkgconfig:/home/matija-pongracic/PAS/PAS_DZ_02/install/stage/lib/pkgconfig ROS_PACKAGE_PATH=/home/matija-pongracic/PAS/PAS_DZ_02/install/stage/share /usr/bin/cmake /home/matija-pongracic/PAS/PAS_DZ_02/src/stage_ros2 -DCMAKE_INSTALL_PREFIX=/home/matija-pongracic/PAS/PAS_DZ_02/install/stage_ros2
[9.876s] DEBUG:colcon.colcon_core.event_handler.log_command:Invoked command in '/home/matija-pongracic/PAS/PAS_DZ_02/build/stage_ros2' returned '0': CMAKE_PREFIX_PATH=/opt/ros/humble:/home/matija-pongracic/PAS/PAS_DZ_02/install/stage LD_LIBRARY_PATH=/home/matija-pongracic/PAS/PAS_DZ_02/install/stage/lib:${LD_LIBRARY_PATH} PATH=/home/matija-pongracic/PAS/PAS_DZ_02/install/stage/bin:${PATH} PKG_CONFIG_PATH=/home/matija-pongracic/PAS/PAS_DZ_02/install/stage/lib/x86_64-linux-gnu/pkgconfig:/home/matija-pongracic/PAS/PAS_DZ_02/install/stage/lib/pkgconfig ROS_PACKAGE_PATH=/home/matija-pongracic/PAS/PAS_DZ_02/install/stage/share /usr/bin/cmake /home/matija-pongracic/PAS/PAS_DZ_02/src/stage_ros2 -DCMAKE_INSTALL_PREFIX=/home/matija-pongracic/PAS/PAS_DZ_02/install/stage_ros2
[9.877s] DEBUG:colcon.colcon_core.event_handler.log_command:Invoking command in '/home/matija-pongracic/PAS/PAS_DZ_02/build/stage_ros2': CMAKE_PREFIX_PATH=/opt/ros/humble:/home/matija-pongracic/PAS/PAS_DZ_02/install/stage LD_LIBRARY_PATH=/home/matija-pongracic/PAS/PAS_DZ_02/install/stage/lib:${LD_LIBRARY_PATH} PATH=/home/matija-pongracic/PAS/PAS_DZ_02/install/stage/bin:${PATH} PKG_CONFIG_PATH=/home/matija-pongracic/PAS/PAS_DZ_02/install/stage/lib/x86_64-linux-gnu/pkgconfig:/home/matija-pongracic/PAS/PAS_DZ_02/install/stage/lib/pkgconfig ROS_PACKAGE_PATH=/home/matija-pongracic/PAS/PAS_DZ_02/install/stage/share /usr/bin/cmake --build /home/matija-pongracic/PAS/PAS_DZ_02/build/stage_ros2 -- -j12 -l12
[23.287s] DEBUG:colcon.colcon_core.event_handler.log_command:Invoked command in '/home/matija-pongracic/PAS/PAS_DZ_02/build/stage_ros2' returned '0': CMAKE_PREFIX_PATH=/opt/ros/humble:/home/matija-pongracic/PAS/PAS_DZ_02/install/stage LD_LIBRARY_PATH=/home/matija-pongracic/PAS/PAS_DZ_02/install/stage/lib:${LD_LIBRARY_PATH} PATH=/home/matija-pongracic/PAS/PAS_DZ_02/install/stage/bin:${PATH} PKG_CONFIG_PATH=/home/matija-pongracic/PAS/PAS_DZ_02/install/stage/lib/x86_64-linux-gnu/pkgconfig:/home/matija-pongracic/PAS/PAS_DZ_02/install/stage/lib/pkgconfig ROS_PACKAGE_PATH=/home/matija-pongracic/PAS/PAS_DZ_02/install/stage/share /usr/bin/cmake --build /home/matija-pongracic/PAS/PAS_DZ_02/build/stage_ros2 -- -j12 -l12
[23.290s] DEBUG:colcon.colcon_core.event_handler.log_command:Invoking command in '/home/matija-pongracic/PAS/PAS_DZ_02/build/stage_ros2': CMAKE_PREFIX_PATH=/opt/ros/humble:/home/matija-pongracic/PAS/PAS_DZ_02/install/stage LD_LIBRARY_PATH=/home/matija-pongracic/PAS/PAS_DZ_02/install/stage/lib:${LD_LIBRARY_PATH} PATH=/home/matija-pongracic/PAS/PAS_DZ_02/install/stage/bin:${PATH} PKG_CONFIG_PATH=/home/matija-pongracic/PAS/PAS_DZ_02/install/stage/lib/x86_64-linux-gnu/pkgconfig:/home/matija-pongracic/PAS/PAS_DZ_02/install/stage/lib/pkgconfig ROS_PACKAGE_PATH=/home/matija-pongracic/PAS/PAS_DZ_02/install/stage/share /usr/bin/cmake --install /home/matija-pongracic/PAS/PAS_DZ_02/build/stage_ros2
[23.309s] Level 1:colcon.colcon_core.environment:create_environment_scripts_only(stage_ros2)
[23.309s] DEBUG:colcon.colcon_core.event_handler.log_command:Invoked command in '/home/matija-pongracic/PAS/PAS_DZ_02/build/stage_ros2' returned '0': CMAKE_PREFIX_PATH=/opt/ros/humble:/home/matija-pongracic/PAS/PAS_DZ_02/install/stage LD_LIBRARY_PATH=/home/matija-pongracic/PAS/PAS_DZ_02/install/stage/lib:${LD_LIBRARY_PATH} PATH=/home/matija-pongracic/PAS/PAS_DZ_02/install/stage/bin:${PATH} PKG_CONFIG_PATH=/home/matija-pongracic/PAS/PAS_DZ_02/install/stage/lib/x86_64-linux-gnu/pkgconfig:/home/matija-pongracic/PAS/PAS_DZ_02/install/stage/lib/pkgconfig ROS_PACKAGE_PATH=/home/matija-pongracic/PAS/PAS_DZ_02/install/stage/share /usr/bin/cmake --install /home/matija-pongracic/PAS/PAS_DZ_02/build/stage_ros2
[23.309s] Level 1:colcon.colcon_core.environment:checking '/home/matija-pongracic/PAS/PAS_DZ_02/install/stage_ros2' for CMake module files
[23.310s] Level 1:colcon.colcon_core.environment:checking '/home/matija-pongracic/PAS/PAS_DZ_02/install/stage_ros2' for CMake config files
[23.310s] Level 1:colcon.colcon_core.shell:create_environment_hook('stage_ros2', 'cmake_prefix_path')
[23.310s] INFO:colcon.colcon_core.shell:Creating environment hook '/home/matija-pongracic/PAS/PAS_DZ_02/install/stage_ros2/share/stage_ros2/hook/cmake_prefix_path.ps1'
[23.310s] INFO:colcon.colcon_core.shell:Creating environment descriptor '/home/matija-pongracic/PAS/PAS_DZ_02/install/stage_ros2/share/stage_ros2/hook/cmake_prefix_path.dsv'
[23.310s] INFO:colcon.colcon_core.shell:Creating environment hook '/home/matija-pongracic/PAS/PAS_DZ_02/install/stage_ros2/share/stage_ros2/hook/cmake_prefix_path.sh'
[23.311s] Level 1:colcon.colcon_core.environment:checking '/home/matija-pongracic/PAS/PAS_DZ_02/install/stage_ros2/lib'
[23.311s] Level 1:colcon.colcon_core.shell:create_environment_hook('stage_ros2', 'ld_library_path_lib')
[23.311s] INFO:colcon.colcon_core.shell:Creating environment hook '/home/matija-pongracic/PAS/PAS_DZ_02/install/stage_ros2/share/stage_ros2/hook/ld_library_path_lib.ps1'
[23.311s] INFO:colcon.colcon_core.shell:Creating environment descriptor '/home/matija-pongracic/PAS/PAS_DZ_02/install/stage_ros2/share/stage_ros2/hook/ld_library_path_lib.dsv'
[23.311s] INFO:colcon.colcon_core.shell:Creating environment hook '/home/matija-pongracic/PAS/PAS_DZ_02/install/stage_ros2/share/stage_ros2/hook/ld_library_path_lib.sh'
[23.311s] Level 1:colcon.colcon_core.environment:checking '/home/matija-pongracic/PAS/PAS_DZ_02/install/stage_ros2/bin'
[23.311s] Level 1:colcon.colcon_core.environment:checking '/home/matija-pongracic/PAS/PAS_DZ_02/install/stage_ros2/lib/pkgconfig/stage_ros2.pc'
[23.312s] Level 1:colcon.colcon_core.environment:checking '/home/matija-pongracic/PAS/PAS_DZ_02/install/stage_ros2/lib/python3.10/site-packages'
[23.312s] Level 1:colcon.colcon_core.environment:checking '/home/matija-pongracic/PAS/PAS_DZ_02/install/stage_ros2/bin'
[23.312s] INFO:colcon.colcon_core.shell:Creating package script '/home/matija-pongracic/PAS/PAS_DZ_02/install/stage_ros2/share/stage_ros2/package.ps1'
[23.312s] INFO:colcon.colcon_core.shell:Creating package descriptor '/home/matija-pongracic/PAS/PAS_DZ_02/install/stage_ros2/share/stage_ros2/package.dsv'
[23.312s] INFO:colcon.colcon_core.shell:Creating package script '/home/matija-pongracic/PAS/PAS_DZ_02/install/stage_ros2/share/stage_ros2/package.sh'
[23.313s] INFO:colcon.colcon_core.shell:Creating package script '/home/matija-pongracic/PAS/PAS_DZ_02/install/stage_ros2/share/stage_ros2/package.bash'
[23.313s] INFO:colcon.colcon_core.shell:Creating package script '/home/matija-pongracic/PAS/PAS_DZ_02/install/stage_ros2/share/stage_ros2/package.zsh'
[23.313s] Level 1:colcon.colcon_core.environment:create_file_with_runtime_dependencies(/home/matija-pongracic/PAS/PAS_DZ_02/install/stage_ros2/share/colcon-core/packages/stage_ros2)
[23.313s] Level 1:colcon.colcon_core.environment:create_environment_scripts_only(stage_ros2)
[23.313s] Level 1:colcon.colcon_core.environment:checking '/home/matija-pongracic/PAS/PAS_DZ_02/install/stage_ros2' for CMake module files
[23.314s] Level 1:colcon.colcon_core.environment:checking '/home/matija-pongracic/PAS/PAS_DZ_02/install/stage_ros2' for CMake config files
[23.314s] Level 1:colcon.colcon_core.shell:create_environment_hook('stage_ros2', 'cmake_prefix_path')
[23.314s] INFO:colcon.colcon_core.shell:Creating environment hook '/home/matija-pongracic/PAS/PAS_DZ_02/install/stage_ros2/share/stage_ros2/hook/cmake_prefix_path.ps1'
[23.314s] INFO:colcon.colcon_core.shell:Creating environment descriptor '/home/matija-pongracic/PAS/PAS_DZ_02/install/stage_ros2/share/stage_ros2/hook/cmake_prefix_path.dsv'
[23.314s] INFO:colcon.colcon_core.shell:Creating environment hook '/home/matija-pongracic/PAS/PAS_DZ_02/install/stage_ros2/share/stage_ros2/hook/cmake_prefix_path.sh'
[23.315s] Level 1:colcon.colcon_core.environment:checking '/home/matija-pongracic/PAS/PAS_DZ_02/install/stage_ros2/lib'
[23.315s] Level 1:colcon.colcon_core.shell:create_environment_hook('stage_ros2', 'ld_library_path_lib')
[23.315s] INFO:colcon.colcon_core.shell:Creating environment hook '/home/matija-pongracic/PAS/PAS_DZ_02/install/stage_ros2/share/stage_ros2/hook/ld_library_path_lib.ps1'
[23.315s] INFO:colcon.colcon_core.shell:Creating environment descriptor '/home/matija-pongracic/PAS/PAS_DZ_02/install/stage_ros2/share/stage_ros2/hook/ld_library_path_lib.dsv'
[23.315s] INFO:colcon.colcon_core.shell:Creating environment hook '/home/matija-pongracic/PAS/PAS_DZ_02/install/stage_ros2/share/stage_ros2/hook/ld_library_path_lib.sh'
[23.315s] Level 1:colcon.colcon_core.environment:checking '/home/matija-pongracic/PAS/PAS_DZ_02/install/stage_ros2/bin'
[23.315s] Level 1:colcon.colcon_core.environment:checking '/home/matija-pongracic/PAS/PAS_DZ_02/install/stage_ros2/lib/pkgconfig/stage_ros2.pc'
[23.316s] Level 1:colcon.colcon_core.environment:checking '/home/matija-pongracic/PAS/PAS_DZ_02/install/stage_ros2/lib/python3.10/site-packages'
[23.316s] Level 1:colcon.colcon_core.environment:checking '/home/matija-pongracic/PAS/PAS_DZ_02/install/stage_ros2/bin'
[23.316s] INFO:colcon.colcon_core.shell:Creating package script '/home/matija-pongracic/PAS/PAS_DZ_02/install/stage_ros2/share/stage_ros2/package.ps1'
[23.316s] INFO:colcon.colcon_core.shell:Creating package descriptor '/home/matija-pongracic/PAS/PAS_DZ_02/install/stage_ros2/share/stage_ros2/package.dsv'
[23.317s] INFO:colcon.colcon_core.shell:Creating package script '/home/matija-pongracic/PAS/PAS_DZ_02/install/stage_ros2/share/stage_ros2/package.sh'
[23.317s] INFO:colcon.colcon_core.shell:Creating package script '/home/matija-pongracic/PAS/PAS_DZ_02/install/stage_ros2/share/stage_ros2/package.bash'
[23.317s] INFO:colcon.colcon_core.shell:Creating package script '/home/matija-pongracic/PAS/PAS_DZ_02/install/stage_ros2/share/stage_ros2/package.zsh'
[23.318s] Level 1:colcon.colcon_core.environment:create_file_with_runtime_dependencies(/home/matija-pongracic/PAS/PAS_DZ_02/install/stage_ros2/share/colcon-core/packages/stage_ros2)
[23.318s] DEBUG:colcon.colcon_parallel_executor.executor.parallel:closing loop
[23.318s] DEBUG:colcon.colcon_parallel_executor.executor.parallel:loop closed
[23.318s] DEBUG:colcon.colcon_parallel_executor.executor.parallel:run_until_complete finished with '0'
[23.318s] DEBUG:colcon.colcon_core.event_reactor:joining thread
[23.323s] INFO:colcon.colcon_core.plugin_system:Skipping extension 'colcon_notification.desktop_notification.terminal_notifier': Not used on non-Darwin systems
[23.323s] INFO:colcon.colcon_core.plugin_system:Skipping extension 'colcon_notification.desktop_notification.win32': Not used on non-Windows systems
[23.323s] INFO:colcon.colcon_notification.desktop_notification:Sending desktop notification using 'notify2'
[23.334s] DEBUG:colcon.colcon_core.event_reactor:joined thread
[23.334s] INFO:colcon.colcon_core.shell:Creating prefix script '/home/matija-pongracic/PAS/PAS_DZ_02/install/local_setup.ps1'
[23.335s] INFO:colcon.colcon_core.shell:Creating prefix util module '/home/matija-pongracic/PAS/PAS_DZ_02/install/_local_setup_util_ps1.py'
[23.337s] INFO:colcon.colcon_core.shell:Creating prefix chain script '/home/matija-pongracic/PAS/PAS_DZ_02/install/setup.ps1'
[23.338s] INFO:colcon.colcon_core.shell:Creating prefix script '/home/matija-pongracic/PAS/PAS_DZ_02/install/local_setup.sh'
[23.338s] INFO:colcon.colcon_core.shell:Creating prefix util module '/home/matija-pongracic/PAS/PAS_DZ_02/install/_local_setup_util_sh.py'
[23.339s] INFO:colcon.colcon_core.shell:Creating prefix chain script '/home/matija-pongracic/PAS/PAS_DZ_02/install/setup.sh'
[23.340s] INFO:colcon.colcon_core.shell:Creating prefix script '/home/matija-pongracic/PAS/PAS_DZ_02/install/local_setup.bash'
[23.341s] INFO:colcon.colcon_core.shell:Creating prefix chain script '/home/matija-pongracic/PAS/PAS_DZ_02/install/setup.bash'
[23.341s] INFO:colcon.colcon_core.shell:Creating prefix script '/home/matija-pongracic/PAS/PAS_DZ_02/install/local_setup.zsh'
[23.342s] INFO:colcon.colcon_core.shell:Creating prefix chain script '/home/matija-pongracic/PAS/PAS_DZ_02/install/setup.zsh'
