[0.078s] DEBUG:colcon:Command line arguments: ['/usr/bin/colcon', 'list', '-p', '--base-paths', '/home/matija-pongracic/PAS/PAS_DZ_02/src', '--log-base', '/dev/null']
[0.078s] DEBUG:colcon:Parsed command line arguments: Namespace(log_base=None, log_level=None, verb_name='list', build_base='build', ignore_user_meta=False, metas=['./colcon.meta'], base_paths=['/home/matija-pongracic/PAS/PAS_DZ_02/src', '--log-base', '/dev/null'], packages_ignore=None, packages_ignore_regex=None, paths=None, packages_up_to=None, packages_up_to_regex=None, packages_above=None, packages_above_and_dependencies=None, packages_above_depth=None, packages_select_by_dep=None, packages_skip_by_dep=None, packages_skip_up_to=None, packages_select_build_failed=False, packages_skip_build_finished=False, packages_select_test_failures=False, packages_skip_test_passed=False, packages_select=None, packages_skip=None, packages_select_regex=None, packages_skip_regex=None, packages_start=None, packages_end=None, allow_overriding=[], topological_order=False, names_only=False, paths_only=True, topological_graph=False, topological_graph_dot=False, topological_graph_density=False, topological_graph_legend=False, topological_graph_dot_cluster=False, topological_graph_dot_include_skipped=False, mixin_files=None, mixin=None, verb_parser=<colcon_mixin.mixin.mixin_argument.MixinArgumentDecorator object at 0x76fc55637160>, verb_extension=<colcon_package_information.verb.list.ListVerb object at 0x76fc55635d50>, main=<bound method ListVerb.main of <colcon_package_information.verb.list.ListVerb object at 0x76fc55635d50>>, mixin_verb=('list',))
[0.201s] Level 1:colcon.colcon_core.package_discovery:discover_packages(colcon_meta) check parameters
[0.201s] Level 1:colcon.colcon_core.package_discovery:discover_packages(recursive) check parameters
[0.201s] Level 1:colcon.colcon_core.package_discovery:discover_packages(ignore) check parameters
[0.201s] Level 1:colcon.colcon_core.package_discovery:discover_packages(path) check parameters
[0.201s] Level 1:colcon.colcon_core.package_discovery:discover_packages(recursive) discover
[0.201s] INFO:colcon.colcon_core.package_discovery:Crawling recursively for packages in '/home/matija-pongracic/PAS/PAS_DZ_02/src', '/home/matija-pongracic/PAS/PAS_DZ_02/src/--log-base', '/dev/null'
[0.201s] Level 1:colcon.colcon_core.package_identification:_identify(/home/matija-pongracic/PAS/PAS_DZ_02/src) by extensions ['ignore', 'ignore_ament_install']
[0.202s] Level 1:colcon.colcon_core.package_identification:_identify(/home/matija-pongracic/PAS/PAS_DZ_02/src) by extension 'ignore'
[0.202s] Level 1:colcon.colcon_core.package_identification:_identify(/home/matija-pongracic/PAS/PAS_DZ_02/src) by extension 'ignore_ament_install'
[0.202s] Level 1:colcon.colcon_core.package_identification:_identify(/home/matija-pongracic/PAS/PAS_DZ_02/src) by extensions ['colcon_pkg']
[0.202s] Level 1:colcon.colcon_core.package_identification:_identify(/home/matija-pongracic/PAS/PAS_DZ_02/src) by extension 'colcon_pkg'
[0.202s] Level 1:colcon.colcon_core.package_identification:_identify(/home/matija-pongracic/PAS/PAS_DZ_02/src) by extensions ['colcon_meta']
[0.202s] Level 1:colcon.colcon_core.package_identification:_identify(/home/matija-pongracic/PAS/PAS_DZ_02/src) by extension 'colcon_meta'
[0.202s] Level 1:colcon.colcon_core.package_identification:_identify(/home/matija-pongracic/PAS/PAS_DZ_02/src) by extensions ['ros']
[0.202s] Level 1:colcon.colcon_core.package_identification:_identify(/home/matija-pongracic/PAS/PAS_DZ_02/src) by extension 'ros'
[0.212s] Level 1:colcon.colcon_core.package_identification:_identify(/home/matija-pongracic/PAS/PAS_DZ_02/src) by extensions ['cmake', 'python']
[0.212s] Level 1:colcon.colcon_core.package_identification:_identify(/home/matija-pongracic/PAS/PAS_DZ_02/src) by extension 'cmake'
[0.213s] Level 1:colcon.colcon_core.package_identification:_identify(/home/matija-pongracic/PAS/PAS_DZ_02/src) by extension 'python'
[0.213s] Level 1:colcon.colcon_core.package_identification:_identify(/home/matija-pongracic/PAS/PAS_DZ_02/src) by extensions ['python_setup_py']
[0.213s] Level 1:colcon.colcon_core.package_identification:_identify(/home/matija-pongracic/PAS/PAS_DZ_02/src) by extension 'python_setup_py'
[0.213s] Level 1:colcon.colcon_core.package_identification:_identify(/home/matija-pongracic/PAS/PAS_DZ_02/src/Stage) by extensions ['ignore', 'ignore_ament_install']
[0.213s] Level 1:colcon.colcon_core.package_identification:_identify(/home/matija-pongracic/PAS/PAS_DZ_02/src/Stage) by extension 'ignore'
[0.213s] Level 1:colcon.colcon_core.package_identification:_identify(/home/matija-pongracic/PAS/PAS_DZ_02/src/Stage) by extension 'ignore_ament_install'
[0.213s] Level 1:colcon.colcon_core.package_identification:_identify(/home/matija-pongracic/PAS/PAS_DZ_02/src/Stage) by extensions ['colcon_pkg']
[0.213s] Level 1:colcon.colcon_core.package_identification:_identify(/home/matija-pongracic/PAS/PAS_DZ_02/src/Stage) by extension 'colcon_pkg'
[0.213s] Level 1:colcon.colcon_core.package_identification:_identify(/home/matija-pongracic/PAS/PAS_DZ_02/src/Stage) by extensions ['colcon_meta']
[0.213s] Level 1:colcon.colcon_core.package_identification:_identify(/home/matija-pongracic/PAS/PAS_DZ_02/src/Stage) by extension 'colcon_meta'
[0.213s] Level 1:colcon.colcon_core.package_identification:_identify(/home/matija-pongracic/PAS/PAS_DZ_02/src/Stage) by extensions ['ros']
[0.213s] Level 1:colcon.colcon_core.package_identification:_identify(/home/matija-pongracic/PAS/PAS_DZ_02/src/Stage) by extension 'ros'
[0.215s] DEBUG:colcon.colcon_core.package_identification:Package '/home/matija-pongracic/PAS/PAS_DZ_02/src/Stage' with type 'ros.catkin' and name 'stage'
[0.215s] Level 1:colcon.colcon_core.package_identification:_identify(/home/matija-pongracic/PAS/PAS_DZ_02/src/log) by extensions ['ignore', 'ignore_ament_install']
[0.215s] Level 1:colcon.colcon_core.package_identification:_identify(/home/matija-pongracic/PAS/PAS_DZ_02/src/log) by extension 'ignore'
[0.215s] Level 1:colcon.colcon_core.package_identification:_identify(/home/matija-pongracic/PAS/PAS_DZ_02/src/log) ignored
[0.215s] Level 1:colcon.colcon_core.package_identification:_identify(/home/matija-pongracic/PAS/PAS_DZ_02/src/path_planning) by extensions ['ignore', 'ignore_ament_install']
[0.215s] Level 1:colcon.colcon_core.package_identification:_identify(/home/matija-pongracic/PAS/PAS_DZ_02/src/path_planning) by extension 'ignore'
[0.215s] Level 1:colcon.colcon_core.package_identification:_identify(/home/matija-pongracic/PAS/PAS_DZ_02/src/path_planning) by extension 'ignore_ament_install'
[0.215s] Level 1:colcon.colcon_core.package_identification:_identify(/home/matija-pongracic/PAS/PAS_DZ_02/src/path_planning) by extensions ['colcon_pkg']
[0.215s] Level 1:colcon.colcon_core.package_identification:_identify(/home/matija-pongracic/PAS/PAS_DZ_02/src/path_planning) by extension 'colcon_pkg'
[0.216s] Level 1:colcon.colcon_core.package_identification:_identify(/home/matija-pongracic/PAS/PAS_DZ_02/src/path_planning) by extensions ['colcon_meta']
[0.216s] Level 1:colcon.colcon_core.package_identification:_identify(/home/matija-pongracic/PAS/PAS_DZ_02/src/path_planning) by extension 'colcon_meta'
[0.216s] Level 1:colcon.colcon_core.package_identification:_identify(/home/matija-pongracic/PAS/PAS_DZ_02/src/path_planning) by extensions ['ros']
[0.216s] Level 1:colcon.colcon_core.package_identification:_identify(/home/matija-pongracic/PAS/PAS_DZ_02/src/path_planning) by extension 'ros'
[0.216s] DEBUG:colcon.colcon_core.package_identification:Package '/home/matija-pongracic/PAS/PAS_DZ_02/src/path_planning' with type 'ros.ament_python' and name 'path_planning'
[0.217s] Level 1:colcon.colcon_core.package_identification:_identify(/home/matija-pongracic/PAS/PAS_DZ_02/src/stage_ros2) by extensions ['ignore', 'ignore_ament_install']
[0.217s] Level 1:colcon.colcon_core.package_identification:_identify(/home/matija-pongracic/PAS/PAS_DZ_02/src/stage_ros2) by extension 'ignore'
[0.217s] Level 1:colcon.colcon_core.package_identification:_identify(/home/matija-pongracic/PAS/PAS_DZ_02/src/stage_ros2) by extension 'ignore_ament_install'
[0.217s] Level 1:colcon.colcon_core.package_identification:_identify(/home/matija-pongracic/PAS/PAS_DZ_02/src/stage_ros2) by extensions ['colcon_pkg']
[0.217s] Level 1:colcon.colcon_core.package_identification:_identify(/home/matija-pongracic/PAS/PAS_DZ_02/src/stage_ros2) by extension 'colcon_pkg'
[0.217s] Level 1:colcon.colcon_core.package_identification:_identify(/home/matija-pongracic/PAS/PAS_DZ_02/src/stage_ros2) by extensions ['colcon_meta']
[0.217s] Level 1:colcon.colcon_core.package_identification:_identify(/home/matija-pongracic/PAS/PAS_DZ_02/src/stage_ros2) by extension 'colcon_meta'
[0.217s] Level 1:colcon.colcon_core.package_identification:_identify(/home/matija-pongracic/PAS/PAS_DZ_02/src/stage_ros2) by extensions ['ros']
[0.217s] Level 1:colcon.colcon_core.package_identification:_identify(/home/matija-pongracic/PAS/PAS_DZ_02/src/stage_ros2) by extension 'ros'
[0.218s] DEBUG:colcon.colcon_core.package_identification:Package '/home/matija-pongracic/PAS/PAS_DZ_02/src/stage_ros2' with type 'ros.ament_cmake' and name 'stage_ros2'
[0.218s] Level 1:colcon.colcon_core.package_discovery:discover_packages(recursive) using defaults
