[0.436s] Invoking command in '/home/matija-pongracic/PAS/PAS_DZ_02/src/path_planning': PYTHONPATH=/home/matija-pongracic/PAS/PAS_DZ_02/build/path_planning/prefix_override:/usr/lib/python3/dist-packages/colcon_core/task/python/colcon_distutils_commands:/home/matija-pongracic/PAS/PAS_DZ_02/install/path_planning/lib/python3.10/site-packages:${PYTHONPATH} /usr/bin/python3 -W ignore:setup.py install is deprecated -W ignore:easy_install command is deprecated setup.py egg_info --egg-base ../../build/path_planning build --build-base /home/matija-pongracic/PAS/PAS_DZ_02/build/path_planning/build install --record /home/matija-pongracic/PAS/PAS_DZ_02/build/path_planning/install.log --single-version-externally-managed install_data
[0.589s] running egg_info
[0.589s] writing ../../build/path_planning/path_planning.egg-info/PKG-INFO
[0.589s] writing dependency_links to ../../build/path_planning/path_planning.egg-info/dependency_links.txt
[0.589s] writing entry points to ../../build/path_planning/path_planning.egg-info/entry_points.txt
[0.590s] writing requirements to ../../build/path_planning/path_planning.egg-info/requires.txt
[0.590s] writing top-level names to ../../build/path_planning/path_planning.egg-info/top_level.txt
[0.590s] reading manifest file '../../build/path_planning/path_planning.egg-info/SOURCES.txt'
[0.591s] writing manifest file '../../build/path_planning/path_planning.egg-info/SOURCES.txt'
[0.591s] running build
[0.591s] running install
[0.591s] running install_data
[0.591s] copying launch/d_star_lite.launch.py -> /home/matija-pongracic/PAS/PAS_DZ_02/install/path_planning/share/path_planning/launch
[0.591s] running install_egg_info
[0.593s] removing '/home/matija-pongracic/PAS/PAS_DZ_02/install/path_planning/lib/python3.10/site-packages/path_planning-0.0.0-py3.10.egg-info' (and everything under it)
[0.593s] Copying ../../build/path_planning/path_planning.egg-info to /home/matija-pongracic/PAS/PAS_DZ_02/install/path_planning/lib/python3.10/site-packages/path_planning-0.0.0-py3.10.egg-info
[0.593s] running install_scripts
[0.606s] Installing d_star_lite_node script to /home/matija-pongracic/PAS/PAS_DZ_02/install/path_planning/lib/path_planning
[0.606s] writing list of installed files to '/home/matija-pongracic/PAS/PAS_DZ_02/build/path_planning/install.log'
[0.621s] Invoked command in '/home/matija-pongracic/PAS/PAS_DZ_02/src/path_planning' returned '0': PYTHONPATH=/home/matija-pongracic/PAS/PAS_DZ_02/build/path_planning/prefix_override:/usr/lib/python3/dist-packages/colcon_core/task/python/colcon_distutils_commands:/home/matija-pongracic/PAS/PAS_DZ_02/install/path_planning/lib/python3.10/site-packages:${PYTHONPATH} /usr/bin/python3 -W ignore:setup.py install is deprecated -W ignore:easy_install command is deprecated setup.py egg_info --egg-base ../../build/path_planning build --build-base /home/matija-pongracic/PAS/PAS_DZ_02/build/path_planning/build install --record /home/matija-pongracic/PAS/PAS_DZ_02/build/path_planning/install.log --single-version-externally-managed install_data
