/home/matija-pongracic/PAS/PAS_DZ_02/install/path_planning/lib/python3.10/site-packages/path_planning/d_star_lite_node.py
/home/matija-pongracic/PAS/PAS_DZ_02/install/path_planning/lib/python3.10/site-packages/path_planning/__init__.py
/home/matija-pongracic/PAS/PAS_DZ_02/install/path_planning/lib/python3.10/site-packages/path_planning/d_star_lite.py
/home/matija-pongracic/PAS/PAS_DZ_02/install/path_planning/lib/python3.10/site-packages/path_planning/__pycache__/d_star_lite_node.cpython-310.pyc
/home/matija-pongracic/PAS/PAS_DZ_02/install/path_planning/lib/python3.10/site-packages/path_planning/__pycache__/__init__.cpython-310.pyc
/home/matija-pongracic/PAS/PAS_DZ_02/install/path_planning/lib/python3.10/site-packages/path_planning/__pycache__/d_star_lite.cpython-310.pyc
/home/matija-pongracic/PAS/PAS_DZ_02/install/path_planning/share/ament_index/resource_index/packages/path_planning
/home/matija-pongracic/PAS/PAS_DZ_02/install/path_planning/share/path_planning/package.xml
/home/matija-pongracic/PAS/PAS_DZ_02/install/path_planning/share/path_planning/launch/d_star_lite.launch.py
/home/matija-pongracic/PAS/PAS_DZ_02/install/path_planning/share/path_planning/rviz/config.rviz
/home/matija-pongracic/PAS/PAS_DZ_02/install/path_planning/share/path_planning/config/moja_karta.yaml
/home/matija-pongracic/PAS/PAS_DZ_02/install/path_planning/share/path_planning/config/moja_karta.pgm
/home/matija-pongracic/PAS/PAS_DZ_02/install/path_planning/lib/python3.10/site-packages/path_planning-0.0.0-py3.10.egg-info/requires.txt
/home/matija-pongracic/PAS/PAS_DZ_02/install/path_planning/lib/python3.10/site-packages/path_planning-0.0.0-py3.10.egg-info/SOURCES.txt
/home/matija-pongracic/PAS/PAS_DZ_02/install/path_planning/lib/python3.10/site-packages/path_planning-0.0.0-py3.10.egg-info/PKG-INFO
/home/matija-pongracic/PAS/PAS_DZ_02/install/path_planning/lib/python3.10/site-packages/path_planning-0.0.0-py3.10.egg-info/dependency_links.txt
/home/matija-pongracic/PAS/PAS_DZ_02/install/path_planning/lib/python3.10/site-packages/path_planning-0.0.0-py3.10.egg-info/top_level.txt
/home/matija-pongracic/PAS/PAS_DZ_02/install/path_planning/lib/python3.10/site-packages/path_planning-0.0.0-py3.10.egg-info/entry_points.txt
/home/matija-pongracic/PAS/PAS_DZ_02/install/path_planning/lib/python3.10/site-packages/path_planning-0.0.0-py3.10.egg-info/zip-safe
/home/matija-pongracic/PAS/PAS_DZ_02/install/path_planning/lib/path_planning/d_star_lite_node
