running egg_info
writing ../../build/path_planning/path_planning.egg-info/PKG-INFO
writing dependency_links to ../../build/path_planning/path_planning.egg-info/dependency_links.txt
writing entry points to ../../build/path_planning/path_planning.egg-info/entry_points.txt
writing requirements to ../../build/path_planning/path_planning.egg-info/requires.txt
writing top-level names to ../../build/path_planning/path_planning.egg-info/top_level.txt
reading manifest file '../../build/path_planning/path_planning.egg-info/SOURCES.txt'
writing manifest file '../../build/path_planning/path_planning.egg-info/SOURCES.txt'
running build
running build_py
copying path_planning/d_star_lite_node.py -> /home/matija-pongracic/PAS/PAS_DZ_02/build/path_planning/build/lib/path_planning
copying path_planning/d_star_lite.py -> /home/matija-pongracic/PAS/PAS_DZ_02/build/path_planning/build/lib/path_planning
running install
running install_lib
creating /home/matija-pongracic/PAS/PAS_DZ_02/install/path_planning/lib/python3.10/site-packages/path_planning
copying /home/matija-pongracic/PAS/PAS_DZ_02/build/path_planning/build/lib/path_planning/d_star_lite_node.py -> /home/matija-pongracic/PAS/PAS_DZ_02/install/path_planning/lib/python3.10/site-packages/path_planning
copying /home/matija-pongracic/PAS/PAS_DZ_02/build/path_planning/build/lib/path_planning/ispravno.py -> /home/matija-pongracic/PAS/PAS_DZ_02/install/path_planning/lib/python3.10/site-packages/path_planning
copying /home/matija-pongracic/PAS/PAS_DZ_02/build/path_planning/build/lib/path_planning/__init__.py -> /home/matija-pongracic/PAS/PAS_DZ_02/install/path_planning/lib/python3.10/site-packages/path_planning
copying /home/matija-pongracic/PAS/PAS_DZ_02/build/path_planning/build/lib/path_planning/d_star_lite.py -> /home/matija-pongracic/PAS/PAS_DZ_02/install/path_planning/lib/python3.10/site-packages/path_planning
byte-compiling /home/matija-pongracic/PAS/PAS_DZ_02/install/path_planning/lib/python3.10/site-packages/path_planning/d_star_lite_node.py to d_star_lite_node.cpython-310.pyc
byte-compiling /home/matija-pongracic/PAS/PAS_DZ_02/install/path_planning/lib/python3.10/site-packages/path_planning/ispravno.py to ispravno.cpython-310.pyc
byte-compiling /home/matija-pongracic/PAS/PAS_DZ_02/install/path_planning/lib/python3.10/site-packages/path_planning/__init__.py to __init__.cpython-310.pyc
byte-compiling /home/matija-pongracic/PAS/PAS_DZ_02/install/path_planning/lib/python3.10/site-packages/path_planning/d_star_lite.py to d_star_lite.cpython-310.pyc
running install_data
copying launch/d_star_lite.launch.py -> /home/matija-pongracic/PAS/PAS_DZ_02/install/path_planning/share/path_planning/launch
running install_egg_info
removing '/home/matija-pongracic/PAS/PAS_DZ_02/install/path_planning/lib/python3.10/site-packages/path_planning-0.0.0-py3.10.egg-info' (and everything under it)
Copying ../../build/path_planning/path_planning.egg-info to /home/matija-pongracic/PAS/PAS_DZ_02/install/path_planning/lib/python3.10/site-packages/path_planning-0.0.0-py3.10.egg-info
running install_scripts
Installing d_star_lite_node script to /home/matija-pongracic/PAS/PAS_DZ_02/install/path_planning/lib/path_planning
writing list of installed files to '/home/matija-pongracic/PAS/PAS_DZ_02/build/path_planning/install.log'
