[0.007s] Invoking command in '/home/matija-pongracic/PAS/PAS_DZ_02/build/stage_ros2': CMAKE_PREFIX_PATH=/opt/ros/humble:/home/matija-pongracic/PAS/PAS_DZ_02/install/stage LD_LIBRARY_PATH=/home/matija-pongracic/PAS/PAS_DZ_02/install/stage/lib:${LD_LIBRARY_PATH} PATH=/home/matija-pongracic/PAS/PAS_DZ_02/install/stage/bin:${PATH} PKG_CONFIG_PATH=/home/matija-pongracic/PAS/PAS_DZ_02/install/stage/lib/x86_64-linux-gnu/pkgconfig:/home/matija-pongracic/PAS/PAS_DZ_02/install/stage/lib/pkgconfig ROS_PACKAGE_PATH=/home/matija-pongracic/PAS/PAS_DZ_02/install/stage/share /usr/bin/cmake /home/matija-pongracic/PAS/PAS_DZ_02/src/stage_ros2 -DCMAKE_INSTALL_PREFIX=/home/matija-pongracic/PAS/PAS_DZ_02/install/stage_ros2
[0.083s] -- The C compiler identification is GNU 11.4.0
[0.145s] -- The CXX compiler identification is GNU 11.4.0
[0.151s] -- Detecting C compiler ABI info
[0.228s] -- Detecting C compiler ABI info - done
[0.236s] -- Check for working C compiler: /usr/bin/cc - skipped
[0.236s] -- Detecting C compile features
[0.236s] -- Detecting C compile features - done
[0.241s] -- Detecting CXX compiler ABI info
[0.334s] -- Detecting CXX compiler ABI info - done
[0.346s] -- Check for working CXX compiler: /usr/bin/c++ - skipped
[0.346s] -- Detecting CXX compile features
[0.347s] -- Detecting CXX compile features - done
[0.352s] -- Found ament_cmake: 1.3.12 (/opt/ros/humble/share/ament_cmake/cmake)
[0.497s] -- Found Python3: /usr/bin/python3 (found version "3.10.12") found components: Interpreter 
[0.567s] -- Found rclcpp: 16.0.16 (/opt/ros/humble/share/rclcpp/cmake)
[0.601s] -- Found rosidl_generator_c: 3.1.7 (/opt/ros/humble/share/rosidl_generator_c/cmake)
[0.605s] -- Found rosidl_adapter: 3.1.7 (/opt/ros/humble/share/rosidl_adapter/cmake)
[0.611s] -- Found rosidl_generator_cpp: 3.1.7 (/opt/ros/humble/share/rosidl_generator_cpp/cmake)
[0.621s] -- Using all available rosidl_typesupport_c: rosidl_typesupport_fastrtps_c;rosidl_typesupport_introspection_c
[0.632s] -- Using all available rosidl_typesupport_cpp: rosidl_typesupport_fastrtps_cpp;rosidl_typesupport_introspection_cpp
[0.665s] -- Found rmw_implementation_cmake: 6.1.2 (/opt/ros/humble/share/rmw_implementation_cmake/cmake)
[0.667s] -- Found rmw_fastrtps_cpp: 6.2.9 (/opt/ros/humble/share/rmw_fastrtps_cpp/cmake)
[0.758s] -- Found OpenSSL: /usr/lib/x86_64-linux-gnu/libcrypto.so (found version "3.0.2")  
[0.792s] -- Found FastRTPS: /opt/ros/humble/include  
[0.838s] -- Using RMW implementation 'rmw_fastrtps_cpp' as default
[0.849s] -- Looking for pthread.h
[0.933s] -- Looking for pthread.h - found
[0.933s] -- Performing Test CMAKE_HAVE_LIBC_PTHREAD
[1.027s] -- Performing Test CMAKE_HAVE_LIBC_PTHREAD - Success
[1.028s] -- Found Threads: TRUE  
[1.077s] -- Found rclcpp_components: 16.0.16 (/opt/ros/humble/share/rclcpp_components/cmake)
[1.098s] -- Found sensor_msgs: 4.9.0 (/opt/ros/humble/share/sensor_msgs/cmake)
[1.120s] -- Found nav_msgs: 4.9.0 (/opt/ros/humble/share/nav_msgs/cmake)
[1.134s] -- Found tf2_ros: 0.25.17 (/opt/ros/humble/share/tf2_ros/cmake)
[1.189s] -- Found tf2_geometry_msgs: 0.25.17 (/opt/ros/humble/share/tf2_geometry_msgs/cmake)
[1.199s] -- Found eigen3_cmake_module: 0.1.1 (/opt/ros/humble/share/eigen3_cmake_module/cmake)
[1.200s] -- Found Eigen3: TRUE (found version "3.4.0") 
[1.200s] -- Ensuring Eigen3 include directory is part of orocos-kdl CMake target
[1.201s] -- Found std_srvs: 4.9.0 (/opt/ros/humble/share/std_srvs/cmake)
[1.211s] -- Found ament_lint_auto: 0.12.14 (/opt/ros/humble/share/ament_lint_auto/cmake)
[1.271s] -- Added test 'cppcheck' to perform static code analysis on C / C++ code
[1.271s] -- Configured cppcheck include dirs: /home/matija-pongracic/PAS/PAS_DZ_02/src/stage_ros2/./include;$<BUILD_INTERFACE:/home/matija-pongracic/PAS/PAS_DZ_02/src/stage_ros2/include>
[1.271s] -- Configured cppcheck exclude dirs and/or files: 
[1.272s] -- Added test 'flake8' to check Python code syntax and style conventions
[1.273s] -- Added test 'lint_cmake' to check CMake code style
[1.273s] -- Added test 'pep257' to check Python code against some of the docstring style conventions in PEP 257
[1.275s] -- Added test 'uncrustify' to check C / C++ code style
[1.276s] -- Configured uncrustify additional arguments: 
[1.276s] -- Added test 'xmllint' to check XML markup files
[1.278s] -- Added test 'clang_format' to check C / C++ code style
[1.279s] -- Added test 'pycodestyle' to check Python code against some of the style conventions in PEP 8
[1.279s] -- Configuring done
[1.291s] -- Generating done
[1.295s] -- Build files have been written to: /home/matija-pongracic/PAS/PAS_DZ_02/build/stage_ros2
[1.302s] Invoked command in '/home/matija-pongracic/PAS/PAS_DZ_02/build/stage_ros2' returned '0': CMAKE_PREFIX_PATH=/opt/ros/humble:/home/matija-pongracic/PAS/PAS_DZ_02/install/stage LD_LIBRARY_PATH=/home/matija-pongracic/PAS/PAS_DZ_02/install/stage/lib:${LD_LIBRARY_PATH} PATH=/home/matija-pongracic/PAS/PAS_DZ_02/install/stage/bin:${PATH} PKG_CONFIG_PATH=/home/matija-pongracic/PAS/PAS_DZ_02/install/stage/lib/x86_64-linux-gnu/pkgconfig:/home/matija-pongracic/PAS/PAS_DZ_02/install/stage/lib/pkgconfig ROS_PACKAGE_PATH=/home/matija-pongracic/PAS/PAS_DZ_02/install/stage/share /usr/bin/cmake /home/matija-pongracic/PAS/PAS_DZ_02/src/stage_ros2 -DCMAKE_INSTALL_PREFIX=/home/matija-pongracic/PAS/PAS_DZ_02/install/stage_ros2
[1.303s] Invoking command in '/home/matija-pongracic/PAS/PAS_DZ_02/build/stage_ros2': CMAKE_PREFIX_PATH=/opt/ros/humble:/home/matija-pongracic/PAS/PAS_DZ_02/install/stage LD_LIBRARY_PATH=/home/matija-pongracic/PAS/PAS_DZ_02/install/stage/lib:${LD_LIBRARY_PATH} PATH=/home/matija-pongracic/PAS/PAS_DZ_02/install/stage/bin:${PATH} PKG_CONFIG_PATH=/home/matija-pongracic/PAS/PAS_DZ_02/install/stage/lib/x86_64-linux-gnu/pkgconfig:/home/matija-pongracic/PAS/PAS_DZ_02/install/stage/lib/pkgconfig ROS_PACKAGE_PATH=/home/matija-pongracic/PAS/PAS_DZ_02/install/stage/share /usr/bin/cmake --build /home/matija-pongracic/PAS/PAS_DZ_02/build/stage_ros2 -- -j12 -l12
[1.355s] [ 14%] [32mBuilding CXX object CMakeFiles/stage_node.dir/src/vehicle.cpp.o[0m
[1.356s] [ 42%] [32mBuilding CXX object CMakeFiles/stage_node.dir/src/stage_node.cpp.o[0m
[1.356s] [ 42%] [32mBuilding CXX object CMakeFiles/stage_node.dir/src/ranger.cpp.o[0m
[1.356s] [ 57%] [32mBuilding CXX object CMakeFiles/stage_node.dir/src/camera.cpp.o[0m
[11.442s] [ 71%] [32m[1mLinking CXX shared library libstage_node.so[0m
[12.137s] [ 71%] Built target stage_node
[12.162s] [ 85%] [32mBuilding CXX object CMakeFiles/stage_ros2.dir/src/main.cpp.o[0m
[14.427s] [100%] [32m[1mLinking CXX executable stage_ros2[0m
[14.702s] [100%] Built target stage_ros2
[14.714s] Invoked command in '/home/matija-pongracic/PAS/PAS_DZ_02/build/stage_ros2' returned '0': CMAKE_PREFIX_PATH=/opt/ros/humble:/home/matija-pongracic/PAS/PAS_DZ_02/install/stage LD_LIBRARY_PATH=/home/matija-pongracic/PAS/PAS_DZ_02/install/stage/lib:${LD_LIBRARY_PATH} PATH=/home/matija-pongracic/PAS/PAS_DZ_02/install/stage/bin:${PATH} PKG_CONFIG_PATH=/home/matija-pongracic/PAS/PAS_DZ_02/install/stage/lib/x86_64-linux-gnu/pkgconfig:/home/matija-pongracic/PAS/PAS_DZ_02/install/stage/lib/pkgconfig ROS_PACKAGE_PATH=/home/matija-pongracic/PAS/PAS_DZ_02/install/stage/share /usr/bin/cmake --build /home/matija-pongracic/PAS/PAS_DZ_02/build/stage_ros2 -- -j12 -l12
[14.716s] Invoking command in '/home/matija-pongracic/PAS/PAS_DZ_02/build/stage_ros2': CMAKE_PREFIX_PATH=/opt/ros/humble:/home/matija-pongracic/PAS/PAS_DZ_02/install/stage LD_LIBRARY_PATH=/home/matija-pongracic/PAS/PAS_DZ_02/install/stage/lib:${LD_LIBRARY_PATH} PATH=/home/matija-pongracic/PAS/PAS_DZ_02/install/stage/bin:${PATH} PKG_CONFIG_PATH=/home/matija-pongracic/PAS/PAS_DZ_02/install/stage/lib/x86_64-linux-gnu/pkgconfig:/home/matija-pongracic/PAS/PAS_DZ_02/install/stage/lib/pkgconfig ROS_PACKAGE_PATH=/home/matija-pongracic/PAS/PAS_DZ_02/install/stage/share /usr/bin/cmake --install /home/matija-pongracic/PAS/PAS_DZ_02/build/stage_ros2
[14.724s] -- Install configuration: ""
[14.724s] -- Installing: /home/matija-pongracic/PAS/PAS_DZ_02/install/stage_ros2/share/stage_ros2/environment/library_path.sh
[14.725s] -- Installing: /home/matija-pongracic/PAS/PAS_DZ_02/install/stage_ros2/share/stage_ros2/environment/library_path.dsv
[14.725s] -- Installing: /home/matija-pongracic/PAS/PAS_DZ_02/install/stage_ros2/share/stage_ros2//launch
[14.725s] -- Installing: /home/matija-pongracic/PAS/PAS_DZ_02/install/stage_ros2/share/stage_ros2//launch/stage.launch.py
[14.725s] -- Installing: /home/matija-pongracic/PAS/PAS_DZ_02/install/stage_ros2/share/stage_ros2//launch/f710.launch.py
[14.725s] -- Installing: /home/matija-pongracic/PAS/PAS_DZ_02/install/stage_ros2/share/stage_ros2//launch/localization_launch.py
[14.725s] -- Installing: /home/matija-pongracic/PAS/PAS_DZ_02/install/stage_ros2/share/stage_ros2//launch/navigation_launch.py
[14.725s] -- Installing: /home/matija-pongracic/PAS/PAS_DZ_02/install/stage_ros2/share/stage_ros2//launch/online_async_launch.py
[14.725s] -- Installing: /home/matija-pongracic/PAS/PAS_DZ_02/install/stage_ros2/share/stage_ros2//launch/rviz_ns.launch.py
[14.725s] -- Installing: /home/matija-pongracic/PAS/PAS_DZ_02/install/stage_ros2/share/stage_ros2//launch/demo.launch.py
[14.726s] -- Installing: /home/matija-pongracic/PAS/PAS_DZ_02/install/stage_ros2/share/stage_ros2//launch/rviz.launch.py
[14.726s] -- Installing: /home/matija-pongracic/PAS/PAS_DZ_02/install/stage_ros2/share/stage_ros2//world
[14.726s] -- Installing: /home/matija-pongracic/PAS/PAS_DZ_02/install/stage_ros2/share/stage_ros2//world/bitmaps
[14.726s] -- Installing: /home/matija-pongracic/PAS/PAS_DZ_02/install/stage_ros2/share/stage_ros2//world/bitmaps/warehouse008.pgm
[14.726s] -- Installing: /home/matija-pongracic/PAS/PAS_DZ_02/install/stage_ros2/share/stage_ros2//world/bitmaps/hallway.pgm
[14.726s] -- Installing: /home/matija-pongracic/PAS/PAS_DZ_02/install/stage_ros2/share/stage_ros2//world/bitmaps/line.png
[14.726s] -- Installing: /home/matija-pongracic/PAS/PAS_DZ_02/install/stage_ros2/share/stage_ros2//world/bitmaps/cave.png
[14.726s] -- Installing: /home/matija-pongracic/PAS/PAS_DZ_02/install/stage_ros2/share/stage_ros2//world/bitmaps/warehouse200.pgm
[14.726s] -- Installing: /home/matija-pongracic/PAS/PAS_DZ_02/install/stage_ros2/share/stage_ros2//world/bitmaps/willow-full.pgm
[14.726s] -- Installing: /home/matija-pongracic/PAS/PAS_DZ_02/install/stage_ros2/share/stage_ros2//world/bitmaps/straden.png
[14.727s] -- Installing: /home/matija-pongracic/PAS/PAS_DZ_02/install/stage_ros2/share/stage_ros2//world/bitmaps/warehouse032.pgm
[14.727s] -- Installing: /home/matija-pongracic/PAS/PAS_DZ_02/install/stage_ros2/share/stage_ros2//world/bitmaps/hallway.png
[14.727s] -- Installing: /home/matija-pongracic/PAS/PAS_DZ_02/install/stage_ros2/share/stage_ros2//world/cave_multi.world
[14.727s] -- Installing: /home/matija-pongracic/PAS/PAS_DZ_02/install/stage_ros2/share/stage_ros2//world/lines.world
[14.727s] -- Installing: /home/matija-pongracic/PAS/PAS_DZ_02/install/stage_ros2/share/stage_ros2//world/cave_three_robots.world
[14.727s] -- Installing: /home/matija-pongracic/PAS/PAS_DZ_02/install/stage_ros2/share/stage_ros2//world/hallway.world
[14.727s] -- Installing: /home/matija-pongracic/PAS/PAS_DZ_02/install/stage_ros2/share/stage_ros2//world/cave_seven_robots.world
[14.727s] -- Installing: /home/matija-pongracic/PAS/PAS_DZ_02/install/stage_ros2/share/stage_ros2//world/cave.world
[14.727s] -- Installing: /home/matija-pongracic/PAS/PAS_DZ_02/install/stage_ros2/share/stage_ros2//world/willow-four-erratics-multisensor.world
[14.727s] -- Installing: /home/matija-pongracic/PAS/PAS_DZ_02/install/stage_ros2/share/stage_ros2//world/straden.world
[14.727s] -- Installing: /home/matija-pongracic/PAS/PAS_DZ_02/install/stage_ros2/share/stage_ros2//world/include
[14.728s] -- Installing: /home/matija-pongracic/PAS/PAS_DZ_02/install/stage_ros2/share/stage_ros2//world/include/pioneer2dx.inc
[14.728s] -- Installing: /home/matija-pongracic/PAS/PAS_DZ_02/install/stage_ros2/share/stage_ros2//world/include/robots.inc
[14.728s] -- Installing: /home/matija-pongracic/PAS/PAS_DZ_02/install/stage_ros2/share/stage_ros2//config
[14.728s] -- Installing: /home/matija-pongracic/PAS/PAS_DZ_02/install/stage_ros2/share/stage_ros2//config/teleop_twist_joy
[14.728s] -- Installing: /home/matija-pongracic/PAS/PAS_DZ_02/install/stage_ros2/share/stage_ros2//config/teleop_twist_joy/f710.config.yaml
[14.728s] -- Installing: /home/matija-pongracic/PAS/PAS_DZ_02/install/stage_ros2/share/stage_ros2//config/mapper_params_online_async.yaml
[14.728s] -- Installing: /home/matija-pongracic/PAS/PAS_DZ_02/install/stage_ros2/share/stage_ros2//config/nav2_params.yaml
[14.728s] -- Installing: /home/matija-pongracic/PAS/PAS_DZ_02/install/stage_ros2/share/stage_ros2//config/rviz
[14.728s] -- Installing: /home/matija-pongracic/PAS/PAS_DZ_02/install/stage_ros2/share/stage_ros2//config/rviz/lines.rviz
[14.728s] -- Installing: /home/matija-pongracic/PAS/PAS_DZ_02/install/stage_ros2/share/stage_ros2//config/rviz/robot_ns.rviz
[14.728s] -- Installing: /home/matija-pongracic/PAS/PAS_DZ_02/install/stage_ros2/share/stage_ros2//config/rviz/robot_ns_depth.rviz
[14.728s] -- Installing: /home/matija-pongracic/PAS/PAS_DZ_02/install/stage_ros2/share/stage_ros2//config/rviz/cave_seven_robots.rviz
[14.729s] -- Installing: /home/matija-pongracic/PAS/PAS_DZ_02/install/stage_ros2/share/stage_ros2//config/rviz/robot0.rviz
[14.729s] -- Installing: /home/matija-pongracic/PAS/PAS_DZ_02/install/stage_ros2/share/stage_ros2//config/rviz/cave_three_robots.rviz
[14.729s] -- Installing: /home/matija-pongracic/PAS/PAS_DZ_02/install/stage_ros2/share/stage_ros2//config/rviz/cave.rviz
[14.729s] -- Installing: /home/matija-pongracic/PAS/PAS_DZ_02/install/stage_ros2/lib/libstage_node.so
[14.733s] -- Set runtime path of "/home/matija-pongracic/PAS/PAS_DZ_02/install/stage_ros2/lib/libstage_node.so" to ""
[14.733s] -- Installing: /home/matija-pongracic/PAS/PAS_DZ_02/install/stage_ros2/lib/stage_ros2/stage_ros2
[14.733s] -- Set runtime path of "/home/matija-pongracic/PAS/PAS_DZ_02/install/stage_ros2/lib/stage_ros2/stage_ros2" to ""
[14.733s] -- Installing: /home/matija-pongracic/PAS/PAS_DZ_02/install/stage_ros2/share/ament_index/resource_index/package_run_dependencies/stage_ros2
[14.733s] -- Installing: /home/matija-pongracic/PAS/PAS_DZ_02/install/stage_ros2/share/ament_index/resource_index/parent_prefix_path/stage_ros2
[14.733s] -- Installing: /home/matija-pongracic/PAS/PAS_DZ_02/install/stage_ros2/share/stage_ros2/environment/ament_prefix_path.sh
[14.733s] -- Installing: /home/matija-pongracic/PAS/PAS_DZ_02/install/stage_ros2/share/stage_ros2/environment/ament_prefix_path.dsv
[14.734s] -- Installing: /home/matija-pongracic/PAS/PAS_DZ_02/install/stage_ros2/share/stage_ros2/environment/path.sh
[14.734s] -- Installing: /home/matija-pongracic/PAS/PAS_DZ_02/install/stage_ros2/share/stage_ros2/environment/path.dsv
[14.734s] -- Installing: /home/matija-pongracic/PAS/PAS_DZ_02/install/stage_ros2/share/stage_ros2/local_setup.bash
[14.734s] -- Installing: /home/matija-pongracic/PAS/PAS_DZ_02/install/stage_ros2/share/stage_ros2/local_setup.sh
[14.734s] -- Installing: /home/matija-pongracic/PAS/PAS_DZ_02/install/stage_ros2/share/stage_ros2/local_setup.zsh
[14.734s] -- Installing: /home/matija-pongracic/PAS/PAS_DZ_02/install/stage_ros2/share/stage_ros2/local_setup.dsv
[14.734s] -- Installing: /home/matija-pongracic/PAS/PAS_DZ_02/install/stage_ros2/share/stage_ros2/package.dsv
[14.734s] -- Installing: /home/matija-pongracic/PAS/PAS_DZ_02/install/stage_ros2/share/ament_index/resource_index/packages/stage_ros2
[14.734s] -- Installing: /home/matija-pongracic/PAS/PAS_DZ_02/install/stage_ros2/share/stage_ros2/cmake/stage_ros2Config.cmake
[14.734s] -- Installing: /home/matija-pongracic/PAS/PAS_DZ_02/install/stage_ros2/share/stage_ros2/cmake/stage_ros2Config-version.cmake
[14.734s] -- Installing: /home/matija-pongracic/PAS/PAS_DZ_02/install/stage_ros2/share/stage_ros2/package.xml
[14.735s] Invoked command in '/home/matija-pongracic/PAS/PAS_DZ_02/build/stage_ros2' returned '0': CMAKE_PREFIX_PATH=/opt/ros/humble:/home/matija-pongracic/PAS/PAS_DZ_02/install/stage LD_LIBRARY_PATH=/home/matija-pongracic/PAS/PAS_DZ_02/install/stage/lib:${LD_LIBRARY_PATH} PATH=/home/matija-pongracic/PAS/PAS_DZ_02/install/stage/bin:${PATH} PKG_CONFIG_PATH=/home/matija-pongracic/PAS/PAS_DZ_02/install/stage/lib/x86_64-linux-gnu/pkgconfig:/home/matija-pongracic/PAS/PAS_DZ_02/install/stage/lib/pkgconfig ROS_PACKAGE_PATH=/home/matija-pongracic/PAS/PAS_DZ_02/install/stage/share /usr/bin/cmake --install /home/matija-pongracic/PAS/PAS_DZ_02/build/stage_ros2
