[0.009s] Invoking command in '/home/matija-pongracic/PAS/PAS_DZ_02/build/stage_ros2': CMAKE_PREFIX_PATH=/opt/ros/humble:/home/matija-pongracic/PAS/PAS_DZ_02/install/stage LD_LIBRARY_PATH=/home/matija-pongracic/PAS/PAS_DZ_02/install/stage/lib:${LD_LIBRARY_PATH} PATH=/home/matija-pongracic/PAS/PAS_DZ_02/install/stage/bin:${PATH} PKG_CONFIG_PATH=/home/matija-pongracic/PAS/PAS_DZ_02/install/stage/lib/x86_64-linux-gnu/pkgconfig:/home/matija-pongracic/PAS/PAS_DZ_02/install/stage/lib/pkgconfig ROS_PACKAGE_PATH=/home/matija-pongracic/PAS/PAS_DZ_02/install/stage/share /usr/bin/cmake --build /home/matija-pongracic/PAS/PAS_DZ_02/build/stage_ros2 -- -j12 -l12
[0.097s] [ 71%] Built target stage_node
[0.128s] [100%] Built target stage_ros2
[0.139s] Invoked command in '/home/matija-pongracic/PAS/PAS_DZ_02/build/stage_ros2' returned '0': CMAKE_PREFIX_PATH=/opt/ros/humble:/home/matija-pongracic/PAS/PAS_DZ_02/install/stage LD_LIBRARY_PATH=/home/matija-pongracic/PAS/PAS_DZ_02/install/stage/lib:${LD_LIBRARY_PATH} PATH=/home/matija-pongracic/PAS/PAS_DZ_02/install/stage/bin:${PATH} PKG_CONFIG_PATH=/home/matija-pongracic/PAS/PAS_DZ_02/install/stage/lib/x86_64-linux-gnu/pkgconfig:/home/matija-pongracic/PAS/PAS_DZ_02/install/stage/lib/pkgconfig ROS_PACKAGE_PATH=/home/matija-pongracic/PAS/PAS_DZ_02/install/stage/share /usr/bin/cmake --build /home/matija-pongracic/PAS/PAS_DZ_02/build/stage_ros2 -- -j12 -l12
[0.141s] Invoking command in '/home/matija-pongracic/PAS/PAS_DZ_02/build/stage_ros2': CMAKE_PREFIX_PATH=/opt/ros/humble:/home/matija-pongracic/PAS/PAS_DZ_02/install/stage LD_LIBRARY_PATH=/home/matija-pongracic/PAS/PAS_DZ_02/install/stage/lib:${LD_LIBRARY_PATH} PATH=/home/matija-pongracic/PAS/PAS_DZ_02/install/stage/bin:${PATH} PKG_CONFIG_PATH=/home/matija-pongracic/PAS/PAS_DZ_02/install/stage/lib/x86_64-linux-gnu/pkgconfig:/home/matija-pongracic/PAS/PAS_DZ_02/install/stage/lib/pkgconfig ROS_PACKAGE_PATH=/home/matija-pongracic/PAS/PAS_DZ_02/install/stage/share /usr/bin/cmake --install /home/matija-pongracic/PAS/PAS_DZ_02/build/stage_ros2
[0.147s] -- Install configuration: ""
[0.147s] -- Installing: /home/matija-pongracic/PAS/PAS_DZ_02/install/stage_ros2/share/stage_ros2/environment/library_path.sh
[0.147s] -- Installing: /home/matija-pongracic/PAS/PAS_DZ_02/install/stage_ros2/share/stage_ros2/environment/library_path.dsv
[0.147s] -- Installing: /home/matija-pongracic/PAS/PAS_DZ_02/install/stage_ros2/share/stage_ros2//launch
[0.148s] -- Installing: /home/matija-pongracic/PAS/PAS_DZ_02/install/stage_ros2/share/stage_ros2//launch/stage.launch.py
[0.148s] -- Installing: /home/matija-pongracic/PAS/PAS_DZ_02/install/stage_ros2/share/stage_ros2//launch/f710.launch.py
[0.148s] -- Installing: /home/matija-pongracic/PAS/PAS_DZ_02/install/stage_ros2/share/stage_ros2//launch/localization_launch.py
[0.148s] -- Installing: /home/matija-pongracic/PAS/PAS_DZ_02/install/stage_ros2/share/stage_ros2//launch/create_map.launch.py
[0.148s] -- Installing: /home/matija-pongracic/PAS/PAS_DZ_02/install/stage_ros2/share/stage_ros2//launch/navigation_launch.py
[0.148s] -- Installing: /home/matija-pongracic/PAS/PAS_DZ_02/install/stage_ros2/share/stage_ros2//launch/online_async_launch.py
[0.148s] -- Installing: /home/matija-pongracic/PAS/PAS_DZ_02/install/stage_ros2/share/stage_ros2//launch/rviz_ns.launch.py
[0.148s] -- Installing: /home/matija-pongracic/PAS/PAS_DZ_02/install/stage_ros2/share/stage_ros2//launch/demo.launch.py
[0.148s] -- Installing: /home/matija-pongracic/PAS/PAS_DZ_02/install/stage_ros2/share/stage_ros2//launch/rviz.launch.py
[0.148s] -- Installing: /home/matija-pongracic/PAS/PAS_DZ_02/install/stage_ros2/share/stage_ros2//world
[0.149s] -- Installing: /home/matija-pongracic/PAS/PAS_DZ_02/install/stage_ros2/share/stage_ros2//world/bitmaps
[0.149s] -- Installing: /home/matija-pongracic/PAS/PAS_DZ_02/install/stage_ros2/share/stage_ros2//world/bitmaps/warehouse008.pgm
[0.149s] -- Installing: /home/matija-pongracic/PAS/PAS_DZ_02/install/stage_ros2/share/stage_ros2//world/bitmaps/hallway.pgm
[0.149s] -- Installing: /home/matija-pongracic/PAS/PAS_DZ_02/install/stage_ros2/share/stage_ros2//world/bitmaps/line.png
[0.149s] -- Installing: /home/matija-pongracic/PAS/PAS_DZ_02/install/stage_ros2/share/stage_ros2//world/bitmaps/cave.png
[0.149s] -- Installing: /home/matija-pongracic/PAS/PAS_DZ_02/install/stage_ros2/share/stage_ros2//world/bitmaps/warehouse200.pgm
[0.151s] -- Installing: /home/matija-pongracic/PAS/PAS_DZ_02/install/stage_ros2/share/stage_ros2//world/bitmaps/willow-full.pgm
[0.152s] -- Installing: /home/matija-pongracic/PAS/PAS_DZ_02/install/stage_ros2/share/stage_ros2//world/bitmaps/straden.png
[0.152s] -- Installing: /home/matija-pongracic/PAS/PAS_DZ_02/install/stage_ros2/share/stage_ros2//world/bitmaps/warehouse032.pgm
[0.153s] -- Installing: /home/matija-pongracic/PAS/PAS_DZ_02/install/stage_ros2/share/stage_ros2//world/bitmaps/hallway.png
[0.153s] -- Installing: /home/matija-pongracic/PAS/PAS_DZ_02/install/stage_ros2/share/stage_ros2//world/cave_multi.world
[0.153s] -- Installing: /home/matija-pongracic/PAS/PAS_DZ_02/install/stage_ros2/share/stage_ros2//world/lines.world
[0.153s] -- Installing: /home/matija-pongracic/PAS/PAS_DZ_02/install/stage_ros2/share/stage_ros2//world/cave_three_robots.world
[0.153s] -- Installing: /home/matija-pongracic/PAS/PAS_DZ_02/install/stage_ros2/share/stage_ros2//world/hallway.world
[0.154s] -- Installing: /home/matija-pongracic/PAS/PAS_DZ_02/install/stage_ros2/share/stage_ros2//world/cave_seven_robots.world
[0.154s] -- Installing: /home/matija-pongracic/PAS/PAS_DZ_02/install/stage_ros2/share/stage_ros2//world/cave.world
[0.154s] -- Installing: /home/matija-pongracic/PAS/PAS_DZ_02/install/stage_ros2/share/stage_ros2//world/willow-four-erratics-multisensor.world
[0.154s] -- Installing: /home/matija-pongracic/PAS/PAS_DZ_02/install/stage_ros2/share/stage_ros2//world/straden.world
[0.154s] -- Installing: /home/matija-pongracic/PAS/PAS_DZ_02/install/stage_ros2/share/stage_ros2//world/include
[0.154s] -- Installing: /home/matija-pongracic/PAS/PAS_DZ_02/install/stage_ros2/share/stage_ros2//world/include/pioneer2dx.inc
[0.154s] -- Installing: /home/matija-pongracic/PAS/PAS_DZ_02/install/stage_ros2/share/stage_ros2//world/include/robots.inc
[0.154s] -- Installing: /home/matija-pongracic/PAS/PAS_DZ_02/install/stage_ros2/share/stage_ros2//config
[0.154s] -- Installing: /home/matija-pongracic/PAS/PAS_DZ_02/install/stage_ros2/share/stage_ros2//config/teleop_twist_joy
[0.154s] -- Installing: /home/matija-pongracic/PAS/PAS_DZ_02/install/stage_ros2/share/stage_ros2//config/teleop_twist_joy/f710.config.yaml
[0.155s] -- Installing: /home/matija-pongracic/PAS/PAS_DZ_02/install/stage_ros2/share/stage_ros2//config/mapper_params_online_async.yaml
[0.155s] -- Installing: /home/matija-pongracic/PAS/PAS_DZ_02/install/stage_ros2/share/stage_ros2//config/nav2_params.yaml
[0.155s] -- Installing: /home/matija-pongracic/PAS/PAS_DZ_02/install/stage_ros2/share/stage_ros2//config/rviz
[0.155s] -- Installing: /home/matija-pongracic/PAS/PAS_DZ_02/install/stage_ros2/share/stage_ros2//config/rviz/lines.rviz
[0.155s] -- Installing: /home/matija-pongracic/PAS/PAS_DZ_02/install/stage_ros2/share/stage_ros2//config/rviz/robot_ns.rviz
[0.155s] -- Installing: /home/matija-pongracic/PAS/PAS_DZ_02/install/stage_ros2/share/stage_ros2//config/rviz/robot_ns_depth.rviz
[0.155s] -- Installing: /home/matija-pongracic/PAS/PAS_DZ_02/install/stage_ros2/share/stage_ros2//config/rviz/cave_seven_robots.rviz
[0.155s] -- Installing: /home/matija-pongracic/PAS/PAS_DZ_02/install/stage_ros2/share/stage_ros2//config/rviz/create_map_config.rviz
[0.155s] -- Installing: /home/matija-pongracic/PAS/PAS_DZ_02/install/stage_ros2/share/stage_ros2//config/rviz/robot0.rviz
[0.155s] -- Installing: /home/matija-pongracic/PAS/PAS_DZ_02/install/stage_ros2/share/stage_ros2//config/rviz/cave_three_robots.rviz
[0.155s] -- Installing: /home/matija-pongracic/PAS/PAS_DZ_02/install/stage_ros2/share/stage_ros2//config/rviz/cave.rviz
[0.155s] -- Installing: /home/matija-pongracic/PAS/PAS_DZ_02/install/stage_ros2/lib/libstage_node.so
[0.169s] -- Set runtime path of "/home/matija-pongracic/PAS/PAS_DZ_02/install/stage_ros2/lib/libstage_node.so" to ""
[0.169s] -- Installing: /home/matija-pongracic/PAS/PAS_DZ_02/install/stage_ros2/lib/stage_ros2/stage_ros2
[0.169s] -- Set runtime path of "/home/matija-pongracic/PAS/PAS_DZ_02/install/stage_ros2/lib/stage_ros2/stage_ros2" to ""
[0.169s] -- Installing: /home/matija-pongracic/PAS/PAS_DZ_02/install/stage_ros2/share/ament_index/resource_index/package_run_dependencies/stage_ros2
[0.170s] -- Installing: /home/matija-pongracic/PAS/PAS_DZ_02/install/stage_ros2/share/ament_index/resource_index/parent_prefix_path/stage_ros2
[0.170s] -- Installing: /home/matija-pongracic/PAS/PAS_DZ_02/install/stage_ros2/share/stage_ros2/environment/ament_prefix_path.sh
[0.170s] -- Installing: /home/matija-pongracic/PAS/PAS_DZ_02/install/stage_ros2/share/stage_ros2/environment/ament_prefix_path.dsv
[0.170s] -- Installing: /home/matija-pongracic/PAS/PAS_DZ_02/install/stage_ros2/share/stage_ros2/environment/path.sh
[0.170s] -- Installing: /home/matija-pongracic/PAS/PAS_DZ_02/install/stage_ros2/share/stage_ros2/environment/path.dsv
[0.170s] -- Installing: /home/matija-pongracic/PAS/PAS_DZ_02/install/stage_ros2/share/stage_ros2/local_setup.bash
[0.170s] -- Installing: /home/matija-pongracic/PAS/PAS_DZ_02/install/stage_ros2/share/stage_ros2/local_setup.sh
[0.171s] -- Installing: /home/matija-pongracic/PAS/PAS_DZ_02/install/stage_ros2/share/stage_ros2/local_setup.zsh
[0.171s] -- Installing: /home/matija-pongracic/PAS/PAS_DZ_02/install/stage_ros2/share/stage_ros2/local_setup.dsv
[0.171s] -- Installing: /home/matija-pongracic/PAS/PAS_DZ_02/install/stage_ros2/share/stage_ros2/package.dsv
[0.171s] -- Installing: /home/matija-pongracic/PAS/PAS_DZ_02/install/stage_ros2/share/ament_index/resource_index/packages/stage_ros2
[0.171s] -- Installing: /home/matija-pongracic/PAS/PAS_DZ_02/install/stage_ros2/share/stage_ros2/cmake/stage_ros2Config.cmake
[0.171s] -- Installing: /home/matija-pongracic/PAS/PAS_DZ_02/install/stage_ros2/share/stage_ros2/cmake/stage_ros2Config-version.cmake
[0.171s] -- Installing: /home/matija-pongracic/PAS/PAS_DZ_02/install/stage_ros2/share/stage_ros2/package.xml
[0.175s] Invoked command in '/home/matija-pongracic/PAS/PAS_DZ_02/build/stage_ros2' returned '0': CMAKE_PREFIX_PATH=/opt/ros/humble:/home/matija-pongracic/PAS/PAS_DZ_02/install/stage LD_LIBRARY_PATH=/home/matija-pongracic/PAS/PAS_DZ_02/install/stage/lib:${LD_LIBRARY_PATH} PATH=/home/matija-pongracic/PAS/PAS_DZ_02/install/stage/bin:${PATH} PKG_CONFIG_PATH=/home/matija-pongracic/PAS/PAS_DZ_02/install/stage/lib/x86_64-linux-gnu/pkgconfig:/home/matija-pongracic/PAS/PAS_DZ_02/install/stage/lib/pkgconfig ROS_PACKAGE_PATH=/home/matija-pongracic/PAS/PAS_DZ_02/install/stage/share /usr/bin/cmake --install /home/matija-pongracic/PAS/PAS_DZ_02/build/stage_ros2
