[0.391s] Invoking command in '/home/matija-pongracic/PAS/PAS_DZ_02/src/path_planning': PYTHONPATH=/home/matija-pongracic/PAS/PAS_DZ_02/build/path_planning/prefix_override:/usr/lib/python3/dist-packages/colcon_core/task/python/colcon_distutils_commands:/home/matija-pongracic/PAS/PAS_DZ_02/install/path_planning/lib/python3.10/site-packages:${PYTHONPATH} /usr/bin/python3 -W ignore:setup.py install is deprecated -W ignore:easy_install command is deprecated setup.py egg_info --egg-base ../../build/path_planning build --build-base /home/matija-pongracic/PAS/PAS_DZ_02/build/path_planning/build install --record /home/matija-pongracic/PAS/PAS_DZ_02/build/path_planning/install.log --single-version-externally-managed install_data
[0.536s] running egg_info
[0.537s] creating ../../build/path_planning/path_planning.egg-info
[0.537s] writing ../../build/path_planning/path_planning.egg-info/PKG-INFO
[0.537s] writing dependency_links to ../../build/path_planning/path_planning.egg-info/dependency_links.txt
[0.537s] writing entry points to ../../build/path_planning/path_planning.egg-info/entry_points.txt
[0.537s] writing requirements to ../../build/path_planning/path_planning.egg-info/requires.txt
[0.537s] writing top-level names to ../../build/path_planning/path_planning.egg-info/top_level.txt
[0.537s] writing manifest file '../../build/path_planning/path_planning.egg-info/SOURCES.txt'
[0.538s] reading manifest file '../../build/path_planning/path_planning.egg-info/SOURCES.txt'
[0.539s] writing manifest file '../../build/path_planning/path_planning.egg-info/SOURCES.txt'
[0.539s] running build
[0.539s] running build_py
[0.539s] creating /home/matija-pongracic/PAS/PAS_DZ_02/build/path_planning/build
[0.539s] creating /home/matija-pongracic/PAS/PAS_DZ_02/build/path_planning/build/lib
[0.539s] creating /home/matija-pongracic/PAS/PAS_DZ_02/build/path_planning/build/lib/path_planning
[0.539s] copying path_planning/d_star_lite_node.py -> /home/matija-pongracic/PAS/PAS_DZ_02/build/path_planning/build/lib/path_planning
[0.539s] copying path_planning/ispravno.py -> /home/matija-pongracic/PAS/PAS_DZ_02/build/path_planning/build/lib/path_planning
[0.540s] copying path_planning/__init__.py -> /home/matija-pongracic/PAS/PAS_DZ_02/build/path_planning/build/lib/path_planning
[0.540s] copying path_planning/d_star_lite.py -> /home/matija-pongracic/PAS/PAS_DZ_02/build/path_planning/build/lib/path_planning
[0.540s] running install
[0.540s] running install_lib
[0.540s] creating /home/matija-pongracic/PAS/PAS_DZ_02/install/path_planning/lib/python3.10/site-packages/path_planning
[0.540s] copying /home/matija-pongracic/PAS/PAS_DZ_02/build/path_planning/build/lib/path_planning/d_star_lite_node.py -> /home/matija-pongracic/PAS/PAS_DZ_02/install/path_planning/lib/python3.10/site-packages/path_planning
[0.540s] copying /home/matija-pongracic/PAS/PAS_DZ_02/build/path_planning/build/lib/path_planning/ispravno.py -> /home/matija-pongracic/PAS/PAS_DZ_02/install/path_planning/lib/python3.10/site-packages/path_planning
[0.540s] copying /home/matija-pongracic/PAS/PAS_DZ_02/build/path_planning/build/lib/path_planning/__init__.py -> /home/matija-pongracic/PAS/PAS_DZ_02/install/path_planning/lib/python3.10/site-packages/path_planning
[0.540s] copying /home/matija-pongracic/PAS/PAS_DZ_02/build/path_planning/build/lib/path_planning/d_star_lite.py -> /home/matija-pongracic/PAS/PAS_DZ_02/install/path_planning/lib/python3.10/site-packages/path_planning
[0.541s] byte-compiling /home/matija-pongracic/PAS/PAS_DZ_02/install/path_planning/lib/python3.10/site-packages/path_planning/d_star_lite_node.py to d_star_lite_node.cpython-310.pyc
[0.543s] byte-compiling /home/matija-pongracic/PAS/PAS_DZ_02/install/path_planning/lib/python3.10/site-packages/path_planning/ispravno.py to ispravno.cpython-310.pyc
[0.549s] byte-compiling /home/matija-pongracic/PAS/PAS_DZ_02/install/path_planning/lib/python3.10/site-packages/path_planning/__init__.py to __init__.cpython-310.pyc
[0.549s] byte-compiling /home/matija-pongracic/PAS/PAS_DZ_02/install/path_planning/lib/python3.10/site-packages/path_planning/d_star_lite.py to d_star_lite.cpython-310.pyc
[0.551s] running install_data
[0.551s] creating /home/matija-pongracic/PAS/PAS_DZ_02/install/path_planning/share/ament_index
[0.551s] creating /home/matija-pongracic/PAS/PAS_DZ_02/install/path_planning/share/ament_index/resource_index
[0.551s] creating /home/matija-pongracic/PAS/PAS_DZ_02/install/path_planning/share/ament_index/resource_index/packages
[0.552s] copying resource/path_planning -> /home/matija-pongracic/PAS/PAS_DZ_02/install/path_planning/share/ament_index/resource_index/packages
[0.552s] copying package.xml -> /home/matija-pongracic/PAS/PAS_DZ_02/install/path_planning/share/path_planning
[0.552s] creating /home/matija-pongracic/PAS/PAS_DZ_02/install/path_planning/share/path_planning/launch
[0.552s] copying launch/d_star_lite.launch.py -> /home/matija-pongracic/PAS/PAS_DZ_02/install/path_planning/share/path_planning/launch
[0.552s] creating /home/matija-pongracic/PAS/PAS_DZ_02/install/path_planning/share/path_planning/rviz
[0.552s] copying rviz/config.rviz -> /home/matija-pongracic/PAS/PAS_DZ_02/install/path_planning/share/path_planning/rviz
[0.552s] creating /home/matija-pongracic/PAS/PAS_DZ_02/install/path_planning/share/path_planning/config
[0.552s] copying config/moja_karta.yaml -> /home/matija-pongracic/PAS/PAS_DZ_02/install/path_planning/share/path_planning/config
[0.552s] copying config/moja_karta.pgm -> /home/matija-pongracic/PAS/PAS_DZ_02/install/path_planning/share/path_planning/config
[0.552s] running install_egg_info
[0.553s] Copying ../../build/path_planning/path_planning.egg-info to /home/matija-pongracic/PAS/PAS_DZ_02/install/path_planning/lib/python3.10/site-packages/path_planning-0.0.0-py3.10.egg-info
[0.553s] running install_scripts
[0.566s] Installing d_star_lite_node script to /home/matija-pongracic/PAS/PAS_DZ_02/install/path_planning/lib/path_planning
[0.566s] writing list of installed files to '/home/matija-pongracic/PAS/PAS_DZ_02/build/path_planning/install.log'
[0.583s] Invoked command in '/home/matija-pongracic/PAS/PAS_DZ_02/src/path_planning' returned '0': PYTHONPATH=/home/matija-pongracic/PAS/PAS_DZ_02/build/path_planning/prefix_override:/usr/lib/python3/dist-packages/colcon_core/task/python/colcon_distutils_commands:/home/matija-pongracic/PAS/PAS_DZ_02/install/path_planning/lib/python3.10/site-packages:${PYTHONPATH} /usr/bin/python3 -W ignore:setup.py install is deprecated -W ignore:easy_install command is deprecated setup.py egg_info --egg-base ../../build/path_planning build --build-base /home/matija-pongracic/PAS/PAS_DZ_02/build/path_planning/build install --record /home/matija-pongracic/PAS/PAS_DZ_02/build/path_planning/install.log --single-version-externally-managed install_data
