[0.010s] Invoking command in '/home/matija-pongracic/PAS/PAS_DZ_02/build/stage': /usr/bin/cmake /home/matija-pongracic/PAS/PAS_DZ_02/src/Stage -DCATKIN_INSTALL_INTO_PREFIX_ROOT=0 -DCMAKE_INSTALL_PREFIX=/home/matija-pongracic/PAS/PAS_DZ_02/install/stage
[0.086s] -- The C compiler identification is GNU 11.4.0
[0.155s] -- The CXX compiler identification is GNU 11.4.0
[0.163s] -- Detecting C compiler ABI info
[0.234s] -- Detecting C compiler ABI info - done
[0.242s] -- Check for working C compiler: /usr/bin/cc - skipped
[0.243s] -- Detecting C compile features
[0.243s] -- Detecting C compile features - done
[0.245s] -- Detecting CXX compiler ABI info
[0.323s] -- Detecting CXX compiler ABI info - done
[0.329s] -- Check for working CXX compiler: /usr/bin/c++ - skipped
[0.329s] -- Detecting CXX compile features
[0.329s] -- Detecting CXX compile features - done
[0.330s] -- Stage version 4.3.0
[0.330s] -- Operating system is Linux
[0.330s] -- Installing Libraries to /home/matija-pongracic/PAS/PAS_DZ_02/install/stage/lib
[0.330s] -- Installing Plugins to /home/matija-pongracic/PAS/PAS_DZ_02/install/stage/lib/Stage-4.3
[0.330s] -- Build type RELEASE
[0.330s] -- Checking for libtool
[0.335s] -- Checking for required libraries...
[0.347s] -- Found JPEG: /usr/lib/x86_64-linux-gnu/libjpeg.so (found version "80") 
[0.353s] -- Found ZLIB: /usr/lib/x86_64-linux-gnu/libz.so (found version "1.2.11") 
[0.364s] -- Found PNG: /usr/lib/x86_64-linux-gnu/libpng.so (found version "1.6.37") 
[0.371s] -- Found OpenGL: /usr/lib/x86_64-linux-gnu/libOpenGL.so   
[0.455s] -- Found X11: /usr/include   
[0.455s] -- Looking for XOpenDisplay in /usr/lib/x86_64-linux-gnu/libX11.so;/usr/lib/x86_64-linux-gnu/libXext.so
[0.529s] -- Looking for XOpenDisplay in /usr/lib/x86_64-linux-gnu/libX11.so;/usr/lib/x86_64-linux-gnu/libXext.so - found
[0.529s] -- Looking for gethostbyname
[0.599s] -- Looking for gethostbyname - found
[0.599s] -- Looking for connect
[0.679s] -- Looking for connect - found
[0.679s] -- Looking for remove
[0.758s] -- Looking for remove - found
[0.758s] -- Looking for shmat
[0.839s] -- Looking for shmat - found
[0.839s] -- Looking for IceConnectionNumber in ICE
[0.913s] -- Looking for IceConnectionNumber in ICE - found
[0.952s] -- Found FLTK: fltk_images;fltk_forms;fltk_gl;fltk  
[0.953s] -- Checking for optional libraries...
[0.953s] -- Installation path CMAKE_INSTALL_PREFIX=/home/matija-pongracic/PAS/PAS_DZ_02/install/stage
[0.954s] -- Configuring libstage
[0.961s] -- Found PkgConfig: /usr/bin/pkg-config (found version "0.29.2") 
[0.961s] -- Checking for one of the modules 'playercore>=2.1.0'
[0.964s] --   * Player not detected. If Player is installed but not detected, check your PKG_CONFIG_PATH.
[0.980s] -- Configuring done
[1.008s] -- Generating done
[1.008s] [33mCMake Warning:
[1.008s]   Manually-specified variables were not used by the project:
[1.008s] 
[1.008s]     CATKIN_INSTALL_INTO_PREFIX_ROOT
[1.009s] 
[1.009s] [0m
[1.012s] -- Build files have been written to: /home/matija-pongracic/PAS/PAS_DZ_02/build/stage
[1.019s] Invoked command in '/home/matija-pongracic/PAS/PAS_DZ_02/build/stage' returned '0': /usr/bin/cmake /home/matija-pongracic/PAS/PAS_DZ_02/src/Stage -DCATKIN_INSTALL_INTO_PREFIX_ROOT=0 -DCMAKE_INSTALL_PREFIX=/home/matija-pongracic/PAS/PAS_DZ_02/install/stage
[1.019s] Invoking command in '/home/matija-pongracic/PAS/PAS_DZ_02/build/stage': /usr/bin/cmake --build /home/matija-pongracic/PAS/PAS_DZ_02/build/stage -- -j12 -l12
[1.081s] [  1%] [32mBuilding CXX object libstage/CMakeFiles/stage.dir/gl.cc.o[0m
[1.081s] [  5%] [32mBuilding CXX object libstage/CMakeFiles/stage.dir/file_manager.cc.o[0m
[1.081s] [  6%] [32mBuilding CXX object libstage/CMakeFiles/stage.dir/blockgroup.cc.o[0m
[1.081s] [  8%] [32mBuilding CXX object libstage/CMakeFiles/stage.dir/logentry.cc.o[0m
[1.081s] [ 11%] [32mBuilding CXX object libstage/CMakeFiles/stage.dir/camera.cc.o[0m
[1.081s] [ 11%] [32mBuilding CXX object libstage/CMakeFiles/stage.dir/color.cc.o[0m
[1.081s] [ 11%] [32mBuilding CXX object libstage/CMakeFiles/stage.dir/block.cc.o[0m
[1.083s] [ 15%] [32mBuilding CXX object libstage/CMakeFiles/stage.dir/model.cc.o[0m
[1.083s] [ 15%] [32mBuilding CXX object libstage/CMakeFiles/stage.dir/model_actuator.cc.o[0m
[1.083s] [ 16%] [32mBuilding CXX object libstage/CMakeFiles/stage.dir/model_blinkenlight.cc.o[0m
[1.084s] [ 18%] [32mBuilding CXX object libstage/CMakeFiles/stage.dir/model_bumper.cc.o[0m
[1.086s] [ 20%] [32mBuilding CXX object libstage/CMakeFiles/stage.dir/model_blobfinder.cc.o[0m
[2.139s] [ 22%] [32mBuilding CXX object libstage/CMakeFiles/stage.dir/model_callbacks.cc.o[0m
[2.311s] [ 23%] [32mBuilding CXX object libstage/CMakeFiles/stage.dir/model_camera.cc.o[0m
[2.325s] [ 25%] [32mBuilding CXX object libstage/CMakeFiles/stage.dir/model_draw.cc.o[0m
[2.393s] [ 27%] [32mBuilding CXX object libstage/CMakeFiles/stage.dir/model_fiducial.cc.o[0m
[2.402s] [ 28%] [32mBuilding CXX object libstage/CMakeFiles/stage.dir/model_gripper.cc.o[0m
[2.426s] [ 30%] [32mBuilding CXX object libstage/CMakeFiles/stage.dir/model_lightindicator.cc.o[0m
[2.491s] [ 32%] [32mBuilding CXX object libstage/CMakeFiles/stage.dir/model_position.cc.o[0m
[2.566s] [ 33%] [32mBuilding CXX object libstage/CMakeFiles/stage.dir/model_ranger.cc.o[0m
[2.712s] [ 35%] [32mBuilding CXX object libstage/CMakeFiles/stage.dir/option.cc.o[0m
[2.723s] [ 37%] [32mBuilding CXX object libstage/CMakeFiles/stage.dir/powerpack.cc.o[0m
[2.877s] [ 38%] [32mBuilding CXX object libstage/CMakeFiles/stage.dir/region.cc.o[0m
[3.273s] [ 40%] [32mBuilding CXX object libstage/CMakeFiles/stage.dir/stage.cc.o[0m
[3.690s] [ 42%] [32mBuilding CXX object libstage/CMakeFiles/stage.dir/texture_manager.cc.o[0m
[3.729s] [ 44%] [32mBuilding CXX object libstage/CMakeFiles/stage.dir/typetable.cc.o[0m
[3.890s] [ 45%] [32mBuilding CXX object libstage/CMakeFiles/stage.dir/world.cc.o[0m
[3.909s] [ 47%] [32mBuilding CXX object libstage/CMakeFiles/stage.dir/worldfile.cc.o[0m
[3.975s] [ 49%] [32mBuilding CXX object libstage/CMakeFiles/stage.dir/canvas.cc.o[0m
[4.005s] [ 50%] [32mBuilding CXX object libstage/CMakeFiles/stage.dir/options_dlg.cc.o[0m
[4.083s] [ 52%] [32mBuilding CXX object libstage/CMakeFiles/stage.dir/vis_strip.cc.o[0m
[4.119s] [ 54%] [32mBuilding CXX object libstage/CMakeFiles/stage.dir/worldgui.cc.o[0m
[4.171s] [ 55%] [32mBuilding CXX object libstage/CMakeFiles/stage.dir/ancestor.cc.o[0m
[6.295s] [ 57%] [32m[1mLinking CXX shared library libstage.so[0m
[6.417s] [ 57%] Built target stage
[6.441s] [ 59%] [32mBuilding CXX object examples/ctrl/CMakeFiles/pioneer_flocking.dir/pioneer_flocking.cc.o[0m
[6.442s] [ 61%] [32mBuilding CXX object examples/ctrl/CMakeFiles/sink.dir/sink.cc.o[0m
[6.442s] [ 64%] [32mBuilding CXX object examples/ctrl/CMakeFiles/fasr.dir/fasr.cc.o[0m
[6.442s] [ 64%] [32mBuilding CXX object examples/ctrl/CMakeFiles/rasterize.dir/rasterize.cc.o[0m
[6.442s] [ 66%] [32mBuilding CXX object examples/ctrl/CMakeFiles/dynamic.dir/dynamic.cc.o[0m
[6.442s] [ 67%] [32mBuilding CXX object libstage/CMakeFiles/stagebinary.dir/main.cc.o[0m
[6.442s] [ 71%] [32mBuilding CXX object examples/ctrl/CMakeFiles/lasernoise.dir/lasernoise.cc.o[0m
[6.442s] [ 71%] [32mBuilding CXX object examples/ctrl/CMakeFiles/source.dir/source.cc.o[0m
[6.442s] [ 72%] [32mBuilding CXX object examples/ctrl/CMakeFiles/wander.dir/wander.cc.o[0m
[6.442s] [ 76%] [32mBuilding CXX object examples/ctrl/CMakeFiles/fasr2.dir/fasr2.cc.o[0m
[6.443s] [ 76%] [32mBuilding CXX object worlds/benchmark/CMakeFiles/expand_swarm.dir/expand_swarm.cc.o[0m
[6.444s] [ 77%] [32mBuilding CXX object worlds/benchmark/CMakeFiles/expand_pioneer.dir/expand_pioneer.cc.o[0m
[7.409s] [ 79%] [32m[1mLinking CXX shared module pioneer_flocking.so[0m
[7.502s] [ 81%] [32m[1mLinking CXX shared module dynamic.so[0m
[7.526s] [ 81%] Built target pioneer_flocking
[7.540s] [ 83%] [32mBuilding CXX object examples/ctrl/CMakeFiles/fasr2.dir/astar/findpath.cpp.o[0m
[7.558s] [ 84%] [32m[1mLinking CXX executable stage[0m
[7.580s] [ 86%] [32m[1mLinking CXX shared module sink.so[0m
[7.613s] [ 86%] Built target dynamic
[7.660s] [ 86%] Built target sink
[7.699s] [ 86%] Built target stagebinary
[7.720s] [ 88%] [32m[1mLinking CXX shared module lasernoise.so[0m
[7.725s] [ 89%] [32m[1mLinking CXX shared module rasterize.so[0m
[7.726s] [ 91%] [32m[1mLinking CXX shared module expand_swarm.so[0m
[7.776s] [ 93%] [32m[1mLinking CXX shared module wander.so[0m
[7.808s] [ 93%] Built target lasernoise
[7.816s] [ 94%] [32m[1mLinking CXX shared module fasr.so[0m
[7.828s] [ 96%] [32m[1mLinking CXX shared module source.so[0m
[7.847s] [ 98%] [32m[1mLinking CXX shared module expand_pioneer.so[0m
[7.856s] [ 98%] Built target rasterize
[7.858s] [ 98%] Built target wander
[7.862s] [ 98%] Built target expand_swarm
[7.925s] [ 98%] Built target expand_pioneer
[7.940s] [ 98%] Built target fasr
[7.942s] [ 98%] Built target source
[8.191s] [100%] [32m[1mLinking CXX shared module fasr2.so[0m
[8.266s] [100%] Built target fasr2
[8.279s] Invoked command in '/home/matija-pongracic/PAS/PAS_DZ_02/build/stage' returned '0': /usr/bin/cmake --build /home/matija-pongracic/PAS/PAS_DZ_02/build/stage -- -j12 -l12
[8.294s] Invoking command in '/home/matija-pongracic/PAS/PAS_DZ_02/build/stage': /usr/bin/cmake --install /home/matija-pongracic/PAS/PAS_DZ_02/build/stage
[8.304s] -- Install configuration: "RELEASE"
[8.304s] -- Installing: /home/matija-pongracic/PAS/PAS_DZ_02/install/stage/lib/pkgconfig/stage.pc
[8.304s] -- Installing: /home/matija-pongracic/PAS/PAS_DZ_02/install/stage/lib/cmake/Stage/stage-config.cmake
[8.304s] -- Installing: /home/matija-pongracic/PAS/PAS_DZ_02/install/stage/lib/cmake/Stage/stage-config-version.cmake
[8.305s] -- Installing: /home/matija-pongracic/PAS/PAS_DZ_02/install/stage/bin/stage
[8.305s] -- Set runtime path of "/home/matija-pongracic/PAS/PAS_DZ_02/install/stage/bin/stage" to ""
[8.305s] -- Installing: /home/matija-pongracic/PAS/PAS_DZ_02/install/stage/lib/libstage.so.4.3.0
[8.306s] -- Installing: /home/matija-pongracic/PAS/PAS_DZ_02/install/stage/lib/libstage.so
[8.306s] -- Installing: /home/matija-pongracic/PAS/PAS_DZ_02/install/stage/include/Stage-4.3/stage.hh
[8.307s] -- Installing: /home/matija-pongracic/PAS/PAS_DZ_02/install/stage/lib/Stage-4.3/fasr.so
[8.307s] -- Set runtime path of "/home/matija-pongracic/PAS/PAS_DZ_02/install/stage/lib/Stage-4.3/fasr.so" to ""
[8.307s] -- Installing: /home/matija-pongracic/PAS/PAS_DZ_02/install/stage/lib/Stage-4.3/sink.so
[8.307s] -- Set runtime path of "/home/matija-pongracic/PAS/PAS_DZ_02/install/stage/lib/Stage-4.3/sink.so" to ""
[8.307s] -- Installing: /home/matija-pongracic/PAS/PAS_DZ_02/install/stage/lib/Stage-4.3/source.so
[8.307s] -- Set runtime path of "/home/matija-pongracic/PAS/PAS_DZ_02/install/stage/lib/Stage-4.3/source.so" to ""
[8.307s] -- Installing: /home/matija-pongracic/PAS/PAS_DZ_02/install/stage/lib/Stage-4.3/wander.so
[8.308s] -- Set runtime path of "/home/matija-pongracic/PAS/PAS_DZ_02/install/stage/lib/Stage-4.3/wander.so" to ""
[8.308s] -- Installing: /home/matija-pongracic/PAS/PAS_DZ_02/install/stage/lib/Stage-4.3/pioneer_flocking.so
[8.308s] -- Set runtime path of "/home/matija-pongracic/PAS/PAS_DZ_02/install/stage/lib/Stage-4.3/pioneer_flocking.so" to ""
[8.308s] -- Installing: /home/matija-pongracic/PAS/PAS_DZ_02/install/stage/lib/Stage-4.3/rasterize.so
[8.308s] -- Set runtime path of "/home/matija-pongracic/PAS/PAS_DZ_02/install/stage/lib/Stage-4.3/rasterize.so" to ""
[8.308s] -- Installing: /home/matija-pongracic/PAS/PAS_DZ_02/install/stage/lib/Stage-4.3/lasernoise.so
[8.308s] -- Set runtime path of "/home/matija-pongracic/PAS/PAS_DZ_02/install/stage/lib/Stage-4.3/lasernoise.so" to ""
[8.309s] -- Installing: /home/matija-pongracic/PAS/PAS_DZ_02/install/stage/lib/Stage-4.3/dynamic.so
[8.309s] -- Set runtime path of "/home/matija-pongracic/PAS/PAS_DZ_02/install/stage/lib/Stage-4.3/dynamic.so" to ""
[8.309s] -- Installing: /home/matija-pongracic/PAS/PAS_DZ_02/install/stage/lib/Stage-4.3/fasr2.so
[8.309s] -- Set runtime path of "/home/matija-pongracic/PAS/PAS_DZ_02/install/stage/lib/Stage-4.3/fasr2.so" to ""
[8.309s] -- Installing: /home/matija-pongracic/PAS/PAS_DZ_02/install/stage/share/stage/assets/blue.png
[8.310s] -- Installing: /home/matija-pongracic/PAS/PAS_DZ_02/install/stage/share/stage/assets/death.png
[8.310s] -- Installing: /home/matija-pongracic/PAS/PAS_DZ_02/install/stage/share/stage/assets/green.png
[8.310s] -- Installing: /home/matija-pongracic/PAS/PAS_DZ_02/install/stage/share/stage/assets/logo.png
[8.310s] -- Installing: /home/matija-pongracic/PAS/PAS_DZ_02/install/stage/share/stage/assets/mains.png
[8.310s] -- Installing: /home/matija-pongracic/PAS/PAS_DZ_02/install/stage/share/stage/assets/mainspower.png
[8.310s] -- Installing: /home/matija-pongracic/PAS/PAS_DZ_02/install/stage/share/stage/assets/question_mark.png
[8.310s] -- Installing: /home/matija-pongracic/PAS/PAS_DZ_02/install/stage/share/stage/assets/red.png
[8.310s] -- Installing: /home/matija-pongracic/PAS/PAS_DZ_02/install/stage/share/stage/assets/stagelogo.png
[8.310s] -- Installing: /home/matija-pongracic/PAS/PAS_DZ_02/install/stage/share/stage/assets/stall-old.png
[8.310s] -- Installing: /home/matija-pongracic/PAS/PAS_DZ_02/install/stage/share/stage/assets/stall.png
[8.310s] -- Installing: /home/matija-pongracic/PAS/PAS_DZ_02/install/stage/share/stage/assets/rgb.txt
[8.311s] -- Installing: /home/matija-pongracic/PAS/PAS_DZ_02/install/stage/share/stage/rgb.txt
[8.311s] -- Installing: /home/matija-pongracic/PAS/PAS_DZ_02/install/stage/share/stage/worlds/amcl-sonar.cfg
[8.311s] -- Installing: /home/matija-pongracic/PAS/PAS_DZ_02/install/stage/share/stage/worlds/autolab.cfg
[8.311s] -- Installing: /home/matija-pongracic/PAS/PAS_DZ_02/install/stage/share/stage/worlds/camera.cfg
[8.311s] -- Installing: /home/matija-pongracic/PAS/PAS_DZ_02/install/stage/share/stage/worlds/everything.cfg
[8.311s] -- Installing: /home/matija-pongracic/PAS/PAS_DZ_02/install/stage/share/stage/worlds/lsp_test.cfg
[8.311s] -- Installing: /home/matija-pongracic/PAS/PAS_DZ_02/install/stage/share/stage/worlds/mbicp.cfg
[8.312s] -- Installing: /home/matija-pongracic/PAS/PAS_DZ_02/install/stage/share/stage/worlds/nd.cfg
[8.312s] -- Installing: /home/matija-pongracic/PAS/PAS_DZ_02/install/stage/share/stage/worlds/roomba.cfg
[8.312s] -- Installing: /home/matija-pongracic/PAS/PAS_DZ_02/install/stage/share/stage/worlds/simple.cfg
[8.312s] -- Installing: /home/matija-pongracic/PAS/PAS_DZ_02/install/stage/share/stage/worlds/test.cfg
[8.312s] -- Installing: /home/matija-pongracic/PAS/PAS_DZ_02/install/stage/share/stage/worlds/uoa_robotics_lab.cfg
[8.312s] -- Installing: /home/matija-pongracic/PAS/PAS_DZ_02/install/stage/share/stage/worlds/vfh.cfg
[8.312s] -- Installing: /home/matija-pongracic/PAS/PAS_DZ_02/install/stage/share/stage/worlds/wavefront-remote.cfg
[8.312s] -- Installing: /home/matija-pongracic/PAS/PAS_DZ_02/install/stage/share/stage/worlds/wavefront.cfg
[8.312s] -- Installing: /home/matija-pongracic/PAS/PAS_DZ_02/install/stage/share/stage/worlds/wifi.cfg
[8.312s] -- Installing: /home/matija-pongracic/PAS/PAS_DZ_02/install/stage/share/stage/worlds/SFU.world
[8.312s] -- Installing: /home/matija-pongracic/PAS/PAS_DZ_02/install/stage/share/stage/worlds/autolab.world
[8.312s] -- Installing: /home/matija-pongracic/PAS/PAS_DZ_02/install/stage/share/stage/worlds/camera.world
[8.312s] -- Installing: /home/matija-pongracic/PAS/PAS_DZ_02/install/stage/share/stage/worlds/circuit.world
[8.313s] -- Installing: /home/matija-pongracic/PAS/PAS_DZ_02/install/stage/share/stage/worlds/everything.world
[8.313s] -- Installing: /home/matija-pongracic/PAS/PAS_DZ_02/install/stage/share/stage/worlds/fasr.world
[8.313s] -- Installing: /home/matija-pongracic/PAS/PAS_DZ_02/install/stage/share/stage/worlds/fasr2.world
[8.313s] -- Installing: /home/matija-pongracic/PAS/PAS_DZ_02/install/stage/share/stage/worlds/fasr_plan.world
[8.313s] -- Installing: /home/matija-pongracic/PAS/PAS_DZ_02/install/stage/share/stage/worlds/large.world
[8.313s] -- Installing: /home/matija-pongracic/PAS/PAS_DZ_02/install/stage/share/stage/worlds/lsp_test.world
[8.313s] -- Installing: /home/matija-pongracic/PAS/PAS_DZ_02/install/stage/share/stage/worlds/mbicp.world
[8.313s] -- Installing: /home/matija-pongracic/PAS/PAS_DZ_02/install/stage/share/stage/worlds/pioneer_flocking.world
[8.313s] -- Installing: /home/matija-pongracic/PAS/PAS_DZ_02/install/stage/share/stage/worlds/pioneer_follow.world
[8.313s] -- Installing: /home/matija-pongracic/PAS/PAS_DZ_02/install/stage/share/stage/worlds/pioneer_walle.world
[8.313s] -- Installing: /home/matija-pongracic/PAS/PAS_DZ_02/install/stage/share/stage/worlds/roomba.world
[8.313s] -- Installing: /home/matija-pongracic/PAS/PAS_DZ_02/install/stage/share/stage/worlds/sensor_noise_demo.world
[8.313s] -- Installing: /home/matija-pongracic/PAS/PAS_DZ_02/install/stage/share/stage/worlds/sensor_noise_module_demo.world
[8.314s] -- Installing: /home/matija-pongracic/PAS/PAS_DZ_02/install/stage/share/stage/worlds/simple.world
[8.314s] -- Installing: /home/matija-pongracic/PAS/PAS_DZ_02/install/stage/share/stage/worlds/uoa_robotics_lab.world
[8.314s] -- Installing: /home/matija-pongracic/PAS/PAS_DZ_02/install/stage/share/stage/worlds/wifi.world
[8.314s] -- Installing: /home/matija-pongracic/PAS/PAS_DZ_02/install/stage/share/stage/worlds/beacons.inc
[8.314s] -- Installing: /home/matija-pongracic/PAS/PAS_DZ_02/install/stage/share/stage/worlds/chatterbox.inc
[8.314s] -- Installing: /home/matija-pongracic/PAS/PAS_DZ_02/install/stage/share/stage/worlds/hokuyo.inc
[8.314s] -- Installing: /home/matija-pongracic/PAS/PAS_DZ_02/install/stage/share/stage/worlds/irobot.inc
[8.314s] -- Installing: /home/matija-pongracic/PAS/PAS_DZ_02/install/stage/share/stage/worlds/map.inc
[8.314s] -- Installing: /home/matija-pongracic/PAS/PAS_DZ_02/install/stage/share/stage/worlds/objects.inc
[8.314s] -- Installing: /home/matija-pongracic/PAS/PAS_DZ_02/install/stage/share/stage/worlds/pantilt.inc
[8.314s] -- Installing: /home/matija-pongracic/PAS/PAS_DZ_02/install/stage/share/stage/worlds/pioneer.inc
[8.314s] -- Installing: /home/matija-pongracic/PAS/PAS_DZ_02/install/stage/share/stage/worlds/sick.inc
[8.315s] -- Installing: /home/matija-pongracic/PAS/PAS_DZ_02/install/stage/share/stage/worlds/ubot.inc
[8.315s] -- Installing: /home/matija-pongracic/PAS/PAS_DZ_02/install/stage/share/stage/worlds/uoa_robotics_lab_models.inc
[8.315s] -- Installing: /home/matija-pongracic/PAS/PAS_DZ_02/install/stage/share/stage/worlds/walle.inc
[8.315s] -- Installing: /home/matija-pongracic/PAS/PAS_DZ_02/install/stage/share/stage/worlds/cfggen.sh
[8.315s] -- Installing: /home/matija-pongracic/PAS/PAS_DZ_02/install/stage/share/stage/worlds/test.sh
[8.315s] -- Installing: /home/matija-pongracic/PAS/PAS_DZ_02/install/stage/share/stage/worlds/worldgen.sh
[8.315s] -- Installing: /home/matija-pongracic/PAS/PAS_DZ_02/install/stage/lib/Stage-4.3/expand_swarm.so
[8.315s] -- Set runtime path of "/home/matija-pongracic/PAS/PAS_DZ_02/install/stage/lib/Stage-4.3/expand_swarm.so" to ""
[8.315s] -- Installing: /home/matija-pongracic/PAS/PAS_DZ_02/install/stage/lib/Stage-4.3/expand_pioneer.so
[8.316s] -- Set runtime path of "/home/matija-pongracic/PAS/PAS_DZ_02/install/stage/lib/Stage-4.3/expand_pioneer.so" to ""
[8.316s] -- Installing: /home/matija-pongracic/PAS/PAS_DZ_02/install/stage/share/stage/worlds/bitmaps/889_05.png
[8.316s] -- Installing: /home/matija-pongracic/PAS/PAS_DZ_02/install/stage/share/stage/worlds/bitmaps/SFU_1200x615.png
[8.316s] -- Installing: /home/matija-pongracic/PAS/PAS_DZ_02/install/stage/share/stage/worlds/bitmaps/SRI-AIC-kwing.png
[8.316s] -- Installing: /home/matija-pongracic/PAS/PAS_DZ_02/install/stage/share/stage/worlds/bitmaps/autolab.png
[8.316s] -- Installing: /home/matija-pongracic/PAS/PAS_DZ_02/install/stage/share/stage/worlds/bitmaps/cave.png
[8.316s] -- Installing: /home/matija-pongracic/PAS/PAS_DZ_02/install/stage/share/stage/worlds/bitmaps/cave_compact.png
[8.316s] -- Installing: /home/matija-pongracic/PAS/PAS_DZ_02/install/stage/share/stage/worlds/bitmaps/cave_filled.png
[8.316s] -- Installing: /home/matija-pongracic/PAS/PAS_DZ_02/install/stage/share/stage/worlds/bitmaps/frieburg.png
[8.316s] -- Installing: /home/matija-pongracic/PAS/PAS_DZ_02/install/stage/share/stage/worlds/bitmaps/ghost.png
[8.317s] -- Installing: /home/matija-pongracic/PAS/PAS_DZ_02/install/stage/share/stage/worlds/bitmaps/hospital.png
[8.317s] -- Installing: /home/matija-pongracic/PAS/PAS_DZ_02/install/stage/share/stage/worlds/bitmaps/hospital_section.png
[8.317s] -- Installing: /home/matija-pongracic/PAS/PAS_DZ_02/install/stage/share/stage/worlds/bitmaps/human_outline.png
[8.317s] -- Installing: /home/matija-pongracic/PAS/PAS_DZ_02/install/stage/share/stage/worlds/bitmaps/mbicp.png
[8.317s] -- Installing: /home/matija-pongracic/PAS/PAS_DZ_02/install/stage/share/stage/worlds/bitmaps/rink.png
[8.317s] -- Installing: /home/matija-pongracic/PAS/PAS_DZ_02/install/stage/share/stage/worlds/bitmaps/sal2.png
[8.317s] -- Installing: /home/matija-pongracic/PAS/PAS_DZ_02/install/stage/share/stage/worlds/bitmaps/simple_rooms.png
[8.317s] -- Installing: /home/matija-pongracic/PAS/PAS_DZ_02/install/stage/share/stage/worlds/bitmaps/space_invader.png
[8.317s] -- Installing: /home/matija-pongracic/PAS/PAS_DZ_02/install/stage/share/stage/worlds/bitmaps/submarine.png
[8.317s] -- Installing: /home/matija-pongracic/PAS/PAS_DZ_02/install/stage/share/stage/worlds/bitmaps/submarine_small.png
[8.317s] -- Installing: /home/matija-pongracic/PAS/PAS_DZ_02/install/stage/share/stage/worlds/bitmaps/table.png
[8.317s] -- Installing: /home/matija-pongracic/PAS/PAS_DZ_02/install/stage/share/stage/worlds/bitmaps/uoa_robotics_lab.png
[8.317s] -- Installing: /home/matija-pongracic/PAS/PAS_DZ_02/install/stage/share/stage/worlds/wifi/commando.world
[8.318s] -- Installing: /home/matija-pongracic/PAS/PAS_DZ_02/install/stage/share/stage/worlds/wifi/hosp_wifi.world
[8.318s] -- Installing: /home/matija-pongracic/PAS/PAS_DZ_02/install/stage/share/stage/worlds/wifi/hosp_wifi_5.world
[8.318s] -- Installing: /home/matija-pongracic/PAS/PAS_DZ_02/install/stage/share/stage/worlds/wifi/wifi.world
[8.318s] -- Installing: /home/matija-pongracic/PAS/PAS_DZ_02/install/stage/share/stage/worlds/wifi/wifi_itu.world
[8.318s] -- Installing: /home/matija-pongracic/PAS/PAS_DZ_02/install/stage/share/stage/worlds/wifi/wifi_logdistance.world
[8.318s] -- Installing: /home/matija-pongracic/PAS/PAS_DZ_02/install/stage/share/stage/worlds/wifi/wifi_ray.world
[8.318s] -- Installing: /home/matija-pongracic/PAS/PAS_DZ_02/install/stage/share/stage/worlds/wifi/wifi_simple.world
[8.318s] -- Installing: /home/matija-pongracic/PAS/PAS_DZ_02/install/stage/share/stage/worlds/wifi/map.inc
[8.320s] Invoked command in '/home/matija-pongracic/PAS/PAS_DZ_02/build/stage' returned '0': /usr/bin/cmake --install /home/matija-pongracic/PAS/PAS_DZ_02/build/stage
